[2025-08-28 21:35:58] [INFO]: --- Request received ---
[2025-08-28 21:35:59] [INFO]: GET /
[2025-08-28 21:35:59] [INFO]: Redirecting to /configure
[2025-08-28 21:35:59] [INFO]: --- Request received ---
[2025-08-28 21:35:59] [INFO]: GET /configure
[2025-08-28 21:35:59] [INFO]: Sending public/configure.html
[2025-08-28 21:36:00] [INFO]: --- Request received ---
[2025-08-28 21:36:00] [INFO]: GET /env
[2025-08-28 21:36:00] [INFO]: Sending environment variable TRAKT_CLIENT_ID to client
[2025-08-28 21:36:05] [INFO]: --- Request received ---
[2025-08-28 21:36:05] [INFO]: POST /fetch-providers
[2025-08-28 21:36:05] [INFO]: Providers are older than 24 hours. Time since last fetch: 85.13 hours.
[2025-08-28 21:36:10] [INFO]: Providers successfully updated in the database.
[2025-08-28 21:38:16] [INFO]: --- Request received ---
[2025-08-28 21:38:16] [INFO]: POST /fetch-providers
[2025-08-28 21:38:17] [INFO]: Providers fetched from the database (less than 24 hours old).
[2025-08-28 21:39:56] [INFO]: --- Request received ---
[2025-08-28 21:39:56] [INFO]: GET /eyJsYW5ndWFnZSI6ImVuIiwiYWdlUmFuZ2UiOiIxOCsiLCJycGRiQXBpS2V5IjoiIiwiZmFuYXJ0QXBpS2V5IjoiIiwicG9wdWxhckNhdGFsb2dUaXRsZSI6IiIsIm5ld0NhdGFsb2dUaXRsZSI6IiIsInByb3ZpZGVycyI6WyIxNTEiLCI1ODQiLCIzMzciLCIyMzc2IiwiMjQwOCIsIjIzNzkiXSwidG1kYkFwaUtleSI6IjZmNTUyOGRhMWQzODNkZTFiODVjODA3NTZkODIzNzJlIiwicmVnaW9ucyI6WyJVUyJdLCJmaWx0ZXJDb250ZW50V2l0aG91dFBvc3RlciI6IiIsInRyYWt0VXNlcm5hbWUiOiIiLCJoaWRlVHJha3RIaXN0b3J5IjoiZmFsc2UiLCJ3YXRjaGVkRW1vamkiOiLinJTvuI8ifQ==/manifest.json
[2025-08-28 21:39:57] [INFO]: Genres stored for movie (en)
[2025-08-28 21:39:57] [INFO]: Genres stored for tv (en)
[2025-08-28 21:39:57] [INFO]: Genres fetched and stored for en
[2025-08-28 21:39:57] [INFO]: --- Request received ---
[2025-08-28 21:39:57] [INFO]: GET /eyJsYW5ndWFnZSI6ImVuIiwiYWdlUmFuZ2UiOiIxOCsiLCJycGRiQXBpS2V5IjoiIiwiZmFuYXJ0QXBpS2V5IjoiIiwicG9wdWxhckNhdGFsb2dUaXRsZSI6IiIsIm5ld0NhdGFsb2dUaXRsZSI6IiIsInByb3ZpZGVycyI6WyIxNTEiLCI1ODQiLCIzMzciLCIyMzc2IiwiMjQwOCIsIjIzNzkiXSwidG1kYkFwaUtleSI6IjZmNTUyOGRhMWQzODNkZTFiODVjODA3NTZkODIzNzJlIiwicmVnaW9ucyI6WyJVUyJdLCJmaWx0ZXJDb250ZW50V2l0aG91dFBvc3RlciI6IiIsInRyYWt0VXNlcm5hbWUiOiIiLCJoaWRlVHJha3RIaXN0b3J5IjoiZmFsc2UiLCJ3YXRjaGVkRW1vamkiOiLinJTvuI8ifQ==/manifest.json
[2025-08-28 21:39:57] [INFO]: Genres stored for movie (en)
[2025-08-28 21:39:57] [INFO]: Genres stored for tv (en)
[2025-08-28 21:39:57] [INFO]: Genres fetched and stored for en
[2025-08-28 21:40:27] [INFO]: --- Request received ---
[2025-08-28 21:40:27] [INFO]: GET /eyJsYW5ndWFnZSI6ImVuIiwiYWdlUmFuZ2UiOiIxOCsiLCJycGRiQXBpS2V5IjoiIiwiZmFuYXJ0QXBpS2V5IjoiIiwicG9wdWxhckNhdGFsb2dUaXRsZSI6IiIsIm5ld0NhdGFsb2dUaXRsZSI6IiIsInByb3ZpZGVycyI6WyIxNTEiLCI1ODQiLCIzMzciLCIyMzc2IiwiMjQwOCIsIjIzNzkiXSwidG1kYkFwaUtleSI6IjZmNTUyOGRhMWQzODNkZTFiODVjODA3NTZkODIzNzJlIiwicmVnaW9ucyI6WyJVUyJdLCJmaWx0ZXJDb250ZW50V2l0aG91dFBvc3RlciI6IiIsInRyYWt0VXNlcm5hbWUiOiIiLCJoaWRlVHJha3RIaXN0b3J5IjoiZmFsc2UiLCJ3YXRjaGVkRW1vamkiOiLinJTvuI8ifQ==/catalog/movie/tmdb-discover-movies-new-2408.json
[2025-08-28 21:40:29] [INFO]: --- Request received ---
[2025-08-28 21:40:29] [INFO]: GET /eyJsYW5ndWFnZSI6ImVuIiwiYWdlUmFuZ2UiOiIxOCsiLCJycGRiQXBpS2V5IjoiIiwiZmFuYXJ0QXBpS2V5IjoiIiwicG9wdWxhckNhdGFsb2dUaXRsZSI6IiIsIm5ld0NhdGFsb2dUaXRsZSI6IiIsInByb3ZpZGVycyI6WyIxNTEiLCI1ODQiLCIzMzciLCIyMzc2IiwiMjQwOCIsIjIzNzkiXSwidG1kYkFwaUtleSI6IjZmNTUyOGRhMWQzODNkZTFiODVjODA3NTZkODIzNzJlIiwicmVnaW9ucyI6WyJVUyJdLCJmaWx0ZXJDb250ZW50V2l0aG91dFBvc3RlciI6IiIsInRyYWt0VXNlcm5hbWUiOiIiLCJoaWRlVHJha3RIaXN0b3J5IjoiZmFsc2UiLCJ3YXRjaGVkRW1vamkiOiLinJTvuI8ifQ==/catalog/movie/tmdb-discover-movies-new-2408/skip=20.json
[2025-08-28 21:40:29] [WARN]: File-based Redis operation failed: redisClient[operation] is not a function
[2025-08-28 21:40:30] [INFO]: --- Request received ---
[2025-08-28 21:40:30] [INFO]: GET /eyJsYW5ndWFnZSI6ImVuIiwiYWdlUmFuZ2UiOiIxOCsiLCJycGRiQXBpS2V5IjoiIiwiZmFuYXJ0QXBpS2V5IjoiIiwicG9wdWxhckNhdGFsb2dUaXRsZSI6IiIsIm5ld0NhdGFsb2dUaXRsZSI6IiIsInByb3ZpZGVycyI6WyIxNTEiLCI1ODQiLCIzMzciLCIyMzc2IiwiMjQwOCIsIjIzNzkiXSwidG1kYkFwaUtleSI6IjZmNTUyOGRhMWQzODNkZTFiODVjODA3NTZkODIzNzJlIiwicmVnaW9ucyI6WyJVUyJdLCJmaWx0ZXJDb250ZW50V2l0aG91dFBvc3RlciI6IiIsInRyYWt0VXNlcm5hbWUiOiIiLCJoaWRlVHJha3RIaXN0b3J5IjoiZmFsc2UiLCJ3YXRjaGVkRW1vamkiOiLinJTvuI8ifQ==/catalog/movie/tmdb-discover-movies-new-2408/skip=20.json
[2025-08-28 21:40:30] [WARN]: File-based Redis operation failed: redisClient[operation] is not a function
[2025-08-28 21:40:30] [INFO]: --- Request received ---
[2025-08-28 21:40:30] [INFO]: GET /eyJsYW5ndWFnZSI6ImVuIiwiYWdlUmFuZ2UiOiIxOCsiLCJycGRiQXBpS2V5IjoiIiwiZmFuYXJ0QXBpS2V5IjoiIiwicG9wdWxhckNhdGFsb2dUaXRsZSI6IiIsIm5ld0NhdGFsb2dUaXRsZSI6IiIsInByb3ZpZGVycyI6WyIxNTEiLCI1ODQiLCIzMzciLCIyMzc2IiwiMjQwOCIsIjIzNzkiXSwidG1kYkFwaUtleSI6IjZmNTUyOGRhMWQzODNkZTFiODVjODA3NTZkODIzNzJlIiwicmVnaW9ucyI6WyJVUyJdLCJmaWx0ZXJDb250ZW50V2l0aG91dFBvc3RlciI6IiIsInRyYWt0VXNlcm5hbWUiOiIiLCJoaWRlVHJha3RIaXN0b3J5IjoiZmFsc2UiLCJ3YXRjaGVkRW1vamkiOiLinJTvuI8ifQ==/catalog/movie/tmdb-discover-movies-new-2408/skip=20.json
[2025-08-28 21:40:30] [WARN]: File-based Redis operation failed: redisClient[operation] is not a function
[2025-08-28 21:40:30] [INFO]: --- Request received ---
[2025-08-28 21:40:30] [INFO]: GET /eyJsYW5ndWFnZSI6ImVuIiwiYWdlUmFuZ2UiOiIxOCsiLCJycGRiQXBpS2V5IjoiIiwiZmFuYXJ0QXBpS2V5IjoiIiwicG9wdWxhckNhdGFsb2dUaXRsZSI6IiIsIm5ld0NhdGFsb2dUaXRsZSI6IiIsInByb3ZpZGVycyI6WyIxNTEiLCI1ODQiLCIzMzciLCIyMzc2IiwiMjQwOCIsIjIzNzkiXSwidG1kYkFwaUtleSI6IjZmNTUyOGRhMWQzODNkZTFiODVjODA3NTZkODIzNzJlIiwicmVnaW9ucyI6WyJVUyJdLCJmaWx0ZXJDb250ZW50V2l0aG91dFBvc3RlciI6IiIsInRyYWt0VXNlcm5hbWUiOiIiLCJoaWRlVHJha3RIaXN0b3J5IjoiZmFsc2UiLCJ3YXRjaGVkRW1vamkiOiLinJTvuI8ifQ==/catalog/movie/tmdb-discover-movies-new-2408/skip=20.json
[2025-08-28 21:40:30] [WARN]: File-based Redis operation failed: redisClient[operation] is not a function
[2025-08-28 21:40:30] [INFO]: --- Request received ---
[2025-08-28 21:40:30] [INFO]: GET /eyJsYW5ndWFnZSI6ImVuIiwiYWdlUmFuZ2UiOiIxOCsiLCJycGRiQXBpS2V5IjoiIiwiZmFuYXJ0QXBpS2V5IjoiIiwicG9wdWxhckNhdGFsb2dUaXRsZSI6IiIsIm5ld0NhdGFsb2dUaXRsZSI6IiIsInByb3ZpZGVycyI6WyIxNTEiLCI1ODQiLCIzMzciLCIyMzc2IiwiMjQwOCIsIjIzNzkiXSwidG1kYkFwaUtleSI6IjZmNTUyOGRhMWQzODNkZTFiODVjODA3NTZkODIzNzJlIiwicmVnaW9ucyI6WyJVUyJdLCJmaWx0ZXJDb250ZW50V2l0aG91dFBvc3RlciI6IiIsInRyYWt0VXNlcm5hbWUiOiIiLCJoaWRlVHJha3RIaXN0b3J5IjoiZmFsc2UiLCJ3YXRjaGVkRW1vamkiOiLinJTvuI8ifQ==/catalog/movie/tmdb-discover-movies-new-2408/skip=20.json
[2025-08-28 21:40:30] [WARN]: File-based Redis operation failed: redisClient[operation] is not a function
[2025-08-28 21:40:33] [INFO]: --- Request received ---
[2025-08-28 21:40:33] [INFO]: GET /eyJsYW5ndWFnZSI6ImVuIiwiYWdlUmFuZ2UiOiIxOCsiLCJycGRiQXBpS2V5IjoiIiwiZmFuYXJ0QXBpS2V5IjoiIiwicG9wdWxhckNhdGFsb2dUaXRsZSI6IiIsIm5ld0NhdGFsb2dUaXRsZSI6IiIsInByb3ZpZGVycyI6WyIxNTEiLCI1ODQiLCIzMzciLCIyMzc2IiwiMjQwOCIsIjIzNzkiXSwidG1kYkFwaUtleSI6IjZmNTUyOGRhMWQzODNkZTFiODVjODA3NTZkODIzNzJlIiwicmVnaW9ucyI6WyJVUyJdLCJmaWx0ZXJDb250ZW50V2l0aG91dFBvc3RlciI6IiIsInRyYWt0VXNlcm5hbWUiOiIiLCJoaWRlVHJha3RIaXN0b3J5IjoiZmFsc2UiLCJ3YXRjaGVkRW1vamkiOiLinJTvuI8ifQ==/catalog/movie/tmdb-discover-movies-new-2408/skip=20.json
[2025-08-28 21:40:33] [WARN]: File-based Redis operation failed: redisClient[operation] is not a function
[2025-08-28 21:40:33] [INFO]: --- Request received ---
[2025-08-28 21:40:33] [INFO]: GET /eyJsYW5ndWFnZSI6ImVuIiwiYWdlUmFuZ2UiOiIxOCsiLCJycGRiQXBpS2V5IjoiIiwiZmFuYXJ0QXBpS2V5IjoiIiwicG9wdWxhckNhdGFsb2dUaXRsZSI6IiIsIm5ld0NhdGFsb2dUaXRsZSI6IiIsInByb3ZpZGVycyI6WyIxNTEiLCI1ODQiLCIzMzciLCIyMzc2IiwiMjQwOCIsIjIzNzkiXSwidG1kYkFwaUtleSI6IjZmNTUyOGRhMWQzODNkZTFiODVjODA3NTZkODIzNzJlIiwicmVnaW9ucyI6WyJVUyJdLCJmaWx0ZXJDb250ZW50V2l0aG91dFBvc3RlciI6IiIsInRyYWt0VXNlcm5hbWUiOiIiLCJoaWRlVHJha3RIaXN0b3J5IjoiZmFsc2UiLCJ3YXRjaGVkRW1vamkiOiLinJTvuI8ifQ==/catalog/movie/tmdb-discover-movies-new-2408/skip=20.json
[2025-08-28 21:40:33] [WARN]: File-based Redis operation failed: redisClient[operation] is not a function
[2025-08-28 21:40:37] [INFO]: --- Request received ---
[2025-08-28 21:40:37] [INFO]: GET /eyJsYW5ndWFnZSI6ImVuIiwiYWdlUmFuZ2UiOiIxOCsiLCJycGRiQXBpS2V5IjoiIiwiZmFuYXJ0QXBpS2V5IjoiIiwicG9wdWxhckNhdGFsb2dUaXRsZSI6IiIsIm5ld0NhdGFsb2dUaXRsZSI6IiIsInByb3ZpZGVycyI6WyIxNTEiLCI1ODQiLCIzMzciLCIyMzc2IiwiMjQwOCIsIjIzNzkiXSwidG1kYkFwaUtleSI6IjZmNTUyOGRhMWQzODNkZTFiODVjODA3NTZkODIzNzJlIiwicmVnaW9ucyI6WyJVUyJdLCJmaWx0ZXJDb250ZW50V2l0aG91dFBvc3RlciI6IiIsInRyYWt0VXNlcm5hbWUiOiIiLCJoaWRlVHJha3RIaXN0b3J5IjoiZmFsc2UiLCJ3YXRjaGVkRW1vamkiOiLinJTvuI8ifQ==/catalog/movie/tmdb-discover-movies-new-2408/skip=20.json
[2025-08-28 21:40:37] [WARN]: File-based Redis operation failed: redisClient[operation] is not a function
[2025-08-28 21:40:38] [INFO]: --- Request received ---
[2025-08-28 21:40:38] [INFO]: GET /eyJsYW5ndWFnZSI6ImVuIiwiYWdlUmFuZ2UiOiIxOCsiLCJycGRiQXBpS2V5IjoiIiwiZmFuYXJ0QXBpS2V5IjoiIiwicG9wdWxhckNhdGFsb2dUaXRsZSI6IiIsIm5ld0NhdGFsb2dUaXRsZSI6IiIsInByb3ZpZGVycyI6WyIxNTEiLCI1ODQiLCIzMzciLCIyMzc2IiwiMjQwOCIsIjIzNzkiXSwidG1kYkFwaUtleSI6IjZmNTUyOGRhMWQzODNkZTFiODVjODA3NTZkODIzNzJlIiwicmVnaW9ucyI6WyJVUyJdLCJmaWx0ZXJDb250ZW50V2l0aG91dFBvc3RlciI6IiIsInRyYWt0VXNlcm5hbWUiOiIiLCJoaWRlVHJha3RIaXN0b3J5IjoiZmFsc2UiLCJ3YXRjaGVkRW1vamkiOiLinJTvuI8ifQ==/catalog/movie/tmdb-discover-movies-new-2408/skip=20.json
[2025-08-28 21:40:38] [WARN]: File-based Redis operation failed: redisClient[operation] is not a function
[2025-08-28 21:40:38] [INFO]: --- Request received ---
[2025-08-28 21:40:38] [INFO]: GET /eyJsYW5ndWFnZSI6ImVuIiwiYWdlUmFuZ2UiOiIxOCsiLCJycGRiQXBpS2V5IjoiIiwiZmFuYXJ0QXBpS2V5IjoiIiwicG9wdWxhckNhdGFsb2dUaXRsZSI6IiIsIm5ld0NhdGFsb2dUaXRsZSI6IiIsInByb3ZpZGVycyI6WyIxNTEiLCI1ODQiLCIzMzciLCIyMzc2IiwiMjQwOCIsIjIzNzkiXSwidG1kYkFwaUtleSI6IjZmNTUyOGRhMWQzODNkZTFiODVjODA3NTZkODIzNzJlIiwicmVnaW9ucyI6WyJVUyJdLCJmaWx0ZXJDb250ZW50V2l0aG91dFBvc3RlciI6IiIsInRyYWt0VXNlcm5hbWUiOiIiLCJoaWRlVHJha3RIaXN0b3J5IjoiZmFsc2UiLCJ3YXRjaGVkRW1vamkiOiLinJTvuI8ifQ==/catalog/movie/tmdb-discover-movies-new-2408/skip=20.json
[2025-08-28 21:40:38] [WARN]: File-based Redis operation failed: redisClient[operation] is not a function
[2025-08-28 21:40:38] [INFO]: --- Request received ---
[2025-08-28 21:40:38] [INFO]: GET /eyJsYW5ndWFnZSI6ImVuIiwiYWdlUmFuZ2UiOiIxOCsiLCJycGRiQXBpS2V5IjoiIiwiZmFuYXJ0QXBpS2V5IjoiIiwicG9wdWxhckNhdGFsb2dUaXRsZSI6IiIsIm5ld0NhdGFsb2dUaXRsZSI6IiIsInByb3ZpZGVycyI6WyIxNTEiLCI1ODQiLCIzMzciLCIyMzc2IiwiMjQwOCIsIjIzNzkiXSwidG1kYkFwaUtleSI6IjZmNTUyOGRhMWQzODNkZTFiODVjODA3NTZkODIzNzJlIiwicmVnaW9ucyI6WyJVUyJdLCJmaWx0ZXJDb250ZW50V2l0aG91dFBvc3RlciI6IiIsInRyYWt0VXNlcm5hbWUiOiIiLCJoaWRlVHJha3RIaXN0b3J5IjoiZmFsc2UiLCJ3YXRjaGVkRW1vamkiOiLinJTvuI8ifQ==/catalog/movie/tmdb-discover-movies-new-2408/skip=20.json
[2025-08-28 21:40:38] [WARN]: File-based Redis operation failed: redisClient[operation] is not a function
[2025-08-28 21:40:38] [INFO]: --- Request received ---
[2025-08-28 21:40:38] [INFO]: GET /eyJsYW5ndWFnZSI6ImVuIiwiYWdlUmFuZ2UiOiIxOCsiLCJycGRiQXBpS2V5IjoiIiwiZmFuYXJ0QXBpS2V5IjoiIiwicG9wdWxhckNhdGFsb2dUaXRsZSI6IiIsIm5ld0NhdGFsb2dUaXRsZSI6IiIsInByb3ZpZGVycyI6WyIxNTEiLCI1ODQiLCIzMzciLCIyMzc2IiwiMjQwOCIsIjIzNzkiXSwidG1kYkFwaUtleSI6IjZmNTUyOGRhMWQzODNkZTFiODVjODA3NTZkODIzNzJlIiwicmVnaW9ucyI6WyJVUyJdLCJmaWx0ZXJDb250ZW50V2l0aG91dFBvc3RlciI6IiIsInRyYWt0VXNlcm5hbWUiOiIiLCJoaWRlVHJha3RIaXN0b3J5IjoiZmFsc2UiLCJ3YXRjaGVkRW1vamkiOiLinJTvuI8ifQ==/catalog/movie/tmdb-discover-movies-new-2408/skip=20.json
[2025-08-28 21:40:38] [WARN]: File-based Redis operation failed: redisClient[operation] is not a function
[2025-08-28 21:40:38] [INFO]: --- Request received ---
[2025-08-28 21:40:38] [INFO]: GET /eyJsYW5ndWFnZSI6ImVuIiwiYWdlUmFuZ2UiOiIxOCsiLCJycGRiQXBpS2V5IjoiIiwiZmFuYXJ0QXBpS2V5IjoiIiwicG9wdWxhckNhdGFsb2dUaXRsZSI6IiIsIm5ld0NhdGFsb2dUaXRsZSI6IiIsInByb3ZpZGVycyI6WyIxNTEiLCI1ODQiLCIzMzciLCIyMzc2IiwiMjQwOCIsIjIzNzkiXSwidG1kYkFwaUtleSI6IjZmNTUyOGRhMWQzODNkZTFiODVjODA3NTZkODIzNzJlIiwicmVnaW9ucyI6WyJVUyJdLCJmaWx0ZXJDb250ZW50V2l0aG91dFBvc3RlciI6IiIsInRyYWt0VXNlcm5hbWUiOiIiLCJoaWRlVHJha3RIaXN0b3J5IjoiZmFsc2UiLCJ3YXRjaGVkRW1vamkiOiLinJTvuI8ifQ==/catalog/movie/tmdb-discover-movies-new-2408/skip=20.json
[2025-08-28 21:40:38] [WARN]: File-based Redis operation failed: redisClient[operation] is not a function
[2025-08-28 21:40:38] [INFO]: --- Request received ---
[2025-08-28 21:40:38] [INFO]: GET /eyJsYW5ndWFnZSI6ImVuIiwiYWdlUmFuZ2UiOiIxOCsiLCJycGRiQXBpS2V5IjoiIiwiZmFuYXJ0QXBpS2V5IjoiIiwicG9wdWxhckNhdGFsb2dUaXRsZSI6IiIsIm5ld0NhdGFsb2dUaXRsZSI6IiIsInByb3ZpZGVycyI6WyIxNTEiLCI1ODQiLCIzMzciLCIyMzc2IiwiMjQwOCIsIjIzNzkiXSwidG1kYkFwaUtleSI6IjZmNTUyOGRhMWQzODNkZTFiODVjODA3NTZkODIzNzJlIiwicmVnaW9ucyI6WyJVUyJdLCJmaWx0ZXJDb250ZW50V2l0aG91dFBvc3RlciI6IiIsInRyYWt0VXNlcm5hbWUiOiIiLCJoaWRlVHJha3RIaXN0b3J5IjoiZmFsc2UiLCJ3YXRjaGVkRW1vamkiOiLinJTvuI8ifQ==/catalog/movie/tmdb-discover-movies-new-2408/skip=20.json
[2025-08-28 21:40:38] [WARN]: File-based Redis operation failed: redisClient[operation] is not a function
[2025-08-28 21:40:41] [INFO]: --- Request received ---
[2025-08-28 21:40:41] [INFO]: GET /eyJsYW5ndWFnZSI6ImVuIiwiYWdlUmFuZ2UiOiIxOCsiLCJycGRiQXBpS2V5IjoiIiwiZmFuYXJ0QXBpS2V5IjoiIiwicG9wdWxhckNhdGFsb2dUaXRsZSI6IiIsIm5ld0NhdGFsb2dUaXRsZSI6IiIsInByb3ZpZGVycyI6WyIxNTEiLCI1ODQiLCIzMzciLCIyMzc2IiwiMjQwOCIsIjIzNzkiXSwidG1kYkFwaUtleSI6IjZmNTUyOGRhMWQzODNkZTFiODVjODA3NTZkODIzNzJlIiwicmVnaW9ucyI6WyJVUyJdLCJmaWx0ZXJDb250ZW50V2l0aG91dFBvc3RlciI6IiIsInRyYWt0VXNlcm5hbWUiOiIiLCJoaWRlVHJha3RIaXN0b3J5IjoiZmFsc2UiLCJ3YXRjaGVkRW1vamkiOiLinJTvuI8ifQ==/catalog/movie/tmdb-discover-movies-new-2408/genre=Comedy.json
[2025-08-28 21:40:47] [INFO]: --- Request received ---
[2025-08-28 21:40:47] [INFO]: GET /eyJsYW5ndWFnZSI6ImVuIiwiYWdlUmFuZ2UiOiIxOCsiLCJycGRiQXBpS2V5IjoiIiwiZmFuYXJ0QXBpS2V5IjoiIiwicG9wdWxhckNhdGFsb2dUaXRsZSI6IiIsIm5ld0NhdGFsb2dUaXRsZSI6IiIsInByb3ZpZGVycyI6WyIxNTEiLCI1ODQiLCIzMzciLCIyMzc2IiwiMjQwOCIsIjIzNzkiXSwidG1kYkFwaUtleSI6IjZmNTUyOGRhMWQzODNkZTFiODVjODA3NTZkODIzNzJlIiwicmVnaW9ucyI6WyJVUyJdLCJmaWx0ZXJDb250ZW50V2l0aG91dFBvc3RlciI6IiIsInRyYWt0VXNlcm5hbWUiOiIiLCJoaWRlVHJha3RIaXN0b3J5IjoiZmFsc2UiLCJ3YXRjaGVkRW1vamkiOiLinJTvuI8ifQ==/catalog/movie/tmdb-discover-movies-new-337.json
[2025-08-28 21:40:49] [INFO]: --- Request received ---
[2025-08-28 21:40:49] [INFO]: GET /eyJsYW5ndWFnZSI6ImVuIiwiYWdlUmFuZ2UiOiIxOCsiLCJycGRiQXBpS2V5IjoiIiwiZmFuYXJ0QXBpS2V5IjoiIiwicG9wdWxhckNhdGFsb2dUaXRsZSI6IiIsIm5ld0NhdGFsb2dUaXRsZSI6IiIsInByb3ZpZGVycyI6WyIxNTEiLCI1ODQiLCIzMzciLCIyMzc2IiwiMjQwOCIsIjIzNzkiXSwidG1kYkFwaUtleSI6IjZmNTUyOGRhMWQzODNkZTFiODVjODA3NTZkODIzNzJlIiwicmVnaW9ucyI6WyJVUyJdLCJmaWx0ZXJDb250ZW50V2l0aG91dFBvc3RlciI6IiIsInRyYWt0VXNlcm5hbWUiOiIiLCJoaWRlVHJha3RIaXN0b3J5IjoiZmFsc2UiLCJ3YXRjaGVkRW1vamkiOiLinJTvuI8ifQ==/catalog/movie/tmdb-discover-movies-new-337/skip=20.json
[2025-08-28 21:40:49] [WARN]: File-based Redis operation failed: redisClient[operation] is not a function
[2025-08-28 21:40:49] [INFO]: --- Request received ---
[2025-08-28 21:40:49] [INFO]: GET /eyJsYW5ndWFnZSI6ImVuIiwiYWdlUmFuZ2UiOiIxOCsiLCJycGRiQXBpS2V5IjoiIiwiZmFuYXJ0QXBpS2V5IjoiIiwicG9wdWxhckNhdGFsb2dUaXRsZSI6IiIsIm5ld0NhdGFsb2dUaXRsZSI6IiIsInByb3ZpZGVycyI6WyIxNTEiLCI1ODQiLCIzMzciLCIyMzc2IiwiMjQwOCIsIjIzNzkiXSwidG1kYkFwaUtleSI6IjZmNTUyOGRhMWQzODNkZTFiODVjODA3NTZkODIzNzJlIiwicmVnaW9ucyI6WyJVUyJdLCJmaWx0ZXJDb250ZW50V2l0aG91dFBvc3RlciI6IiIsInRyYWt0VXNlcm5hbWUiOiIiLCJoaWRlVHJha3RIaXN0b3J5IjoiZmFsc2UiLCJ3YXRjaGVkRW1vamkiOiLinJTvuI8ifQ==/catalog/movie/tmdb-discover-movies-new-337/skip=20.json
[2025-08-28 21:40:49] [WARN]: File-based Redis operation failed: redisClient[operation] is not a function
[2025-08-28 21:40:49] [INFO]: --- Request received ---
[2025-08-28 21:40:49] [INFO]: GET /eyJsYW5ndWFnZSI6ImVuIiwiYWdlUmFuZ2UiOiIxOCsiLCJycGRiQXBpS2V5IjoiIiwiZmFuYXJ0QXBpS2V5IjoiIiwicG9wdWxhckNhdGFsb2dUaXRsZSI6IiIsIm5ld0NhdGFsb2dUaXRsZSI6IiIsInByb3ZpZGVycyI6WyIxNTEiLCI1ODQiLCIzMzciLCIyMzc2IiwiMjQwOCIsIjIzNzkiXSwidG1kYkFwaUtleSI6IjZmNTUyOGRhMWQzODNkZTFiODVjODA3NTZkODIzNzJlIiwicmVnaW9ucyI6WyJVUyJdLCJmaWx0ZXJDb250ZW50V2l0aG91dFBvc3RlciI6IiIsInRyYWt0VXNlcm5hbWUiOiIiLCJoaWRlVHJha3RIaXN0b3J5IjoiZmFsc2UiLCJ3YXRjaGVkRW1vamkiOiLinJTvuI8ifQ==/catalog/movie/tmdb-discover-movies-new-337/skip=20.json
[2025-08-28 21:40:49] [WARN]: File-based Redis operation failed: redisClient[operation] is not a function
[2025-08-28 21:40:49] [INFO]: --- Request received ---
[2025-08-28 21:40:49] [INFO]: GET /eyJsYW5ndWFnZSI6ImVuIiwiYWdlUmFuZ2UiOiIxOCsiLCJycGRiQXBpS2V5IjoiIiwiZmFuYXJ0QXBpS2V5IjoiIiwicG9wdWxhckNhdGFsb2dUaXRsZSI6IiIsIm5ld0NhdGFsb2dUaXRsZSI6IiIsInByb3ZpZGVycyI6WyIxNTEiLCI1ODQiLCIzMzciLCIyMzc2IiwiMjQwOCIsIjIzNzkiXSwidG1kYkFwaUtleSI6IjZmNTUyOGRhMWQzODNkZTFiODVjODA3NTZkODIzNzJlIiwicmVnaW9ucyI6WyJVUyJdLCJmaWx0ZXJDb250ZW50V2l0aG91dFBvc3RlciI6IiIsInRyYWt0VXNlcm5hbWUiOiIiLCJoaWRlVHJha3RIaXN0b3J5IjoiZmFsc2UiLCJ3YXRjaGVkRW1vamkiOiLinJTvuI8ifQ==/catalog/movie/tmdb-discover-movies-new-337/skip=20.json
[2025-08-28 21:40:49] [WARN]: File-based Redis operation failed: redisClient[operation] is not a function
[2025-08-28 21:41:00] [INFO]: --- Request received ---
[2025-08-28 21:41:00] [INFO]: GET /eyJsYW5ndWFnZSI6ImVuIiwiYWdlUmFuZ2UiOiIxOCsiLCJycGRiQXBpS2V5IjoiIiwiZmFuYXJ0QXBpS2V5IjoiIiwicG9wdWxhckNhdGFsb2dUaXRsZSI6IiIsIm5ld0NhdGFsb2dUaXRsZSI6IiIsInByb3ZpZGVycyI6WyIxNTEiLCI1ODQiLCIzMzciLCIyMzc2IiwiMjQwOCIsIjIzNzkiXSwidG1kYkFwaUtleSI6IjZmNTUyOGRhMWQzODNkZTFiODVjODA3NTZkODIzNzJlIiwicmVnaW9ucyI6WyJVUyJdLCJmaWx0ZXJDb250ZW50V2l0aG91dFBvc3RlciI6IiIsInRyYWt0VXNlcm5hbWUiOiIiLCJoaWRlVHJha3RIaXN0b3J5IjoiZmFsc2UiLCJ3YXRjaGVkRW1vamkiOiLinJTvuI8ifQ==/catalog/movie/tmdb-discover-movies-popular-337.json
[2025-08-28 21:41:02] [INFO]: --- Request received ---
[2025-08-28 21:41:02] [INFO]: GET /eyJsYW5ndWFnZSI6ImVuIiwiYWdlUmFuZ2UiOiIxOCsiLCJycGRiQXBpS2V5IjoiIiwiZmFuYXJ0QXBpS2V5IjoiIiwicG9wdWxhckNhdGFsb2dUaXRsZSI6IiIsIm5ld0NhdGFsb2dUaXRsZSI6IiIsInByb3ZpZGVycyI6WyIxNTEiLCI1ODQiLCIzMzciLCIyMzc2IiwiMjQwOCIsIjIzNzkiXSwidG1kYkFwaUtleSI6IjZmNTUyOGRhMWQzODNkZTFiODVjODA3NTZkODIzNzJlIiwicmVnaW9ucyI6WyJVUyJdLCJmaWx0ZXJDb250ZW50V2l0aG91dFBvc3RlciI6IiIsInRyYWt0VXNlcm5hbWUiOiIiLCJoaWRlVHJha3RIaXN0b3J5IjoiZmFsc2UiLCJ3YXRjaGVkRW1vamkiOiLinJTvuI8ifQ==/catalog/movie/tmdb-discover-movies-popular-337/skip=20.json
[2025-08-28 21:41:02] [WARN]: File-based Redis operation failed: redisClient[operation] is not a function
[2025-08-28 21:41:03] [INFO]: --- Request received ---
[2025-08-28 21:41:03] [INFO]: GET /eyJsYW5ndWFnZSI6ImVuIiwiYWdlUmFuZ2UiOiIxOCsiLCJycGRiQXBpS2V5IjoiIiwiZmFuYXJ0QXBpS2V5IjoiIiwicG9wdWxhckNhdGFsb2dUaXRsZSI6IiIsIm5ld0NhdGFsb2dUaXRsZSI6IiIsInByb3ZpZGVycyI6WyIxNTEiLCI1ODQiLCIzMzciLCIyMzc2IiwiMjQwOCIsIjIzNzkiXSwidG1kYkFwaUtleSI6IjZmNTUyOGRhMWQzODNkZTFiODVjODA3NTZkODIzNzJlIiwicmVnaW9ucyI6WyJVUyJdLCJmaWx0ZXJDb250ZW50V2l0aG91dFBvc3RlciI6IiIsInRyYWt0VXNlcm5hbWUiOiIiLCJoaWRlVHJha3RIaXN0b3J5IjoiZmFsc2UiLCJ3YXRjaGVkRW1vamkiOiLinJTvuI8ifQ==/catalog/movie/tmdb-discover-movies-popular-337/skip=20.json
[2025-08-28 21:41:03] [WARN]: File-based Redis operation failed: redisClient[operation] is not a function
[2025-08-28 21:41:03] [INFO]: --- Request received ---
[2025-08-28 21:41:03] [INFO]: GET /eyJsYW5ndWFnZSI6ImVuIiwiYWdlUmFuZ2UiOiIxOCsiLCJycGRiQXBpS2V5IjoiIiwiZmFuYXJ0QXBpS2V5IjoiIiwicG9wdWxhckNhdGFsb2dUaXRsZSI6IiIsIm5ld0NhdGFsb2dUaXRsZSI6IiIsInByb3ZpZGVycyI6WyIxNTEiLCI1ODQiLCIzMzciLCIyMzc2IiwiMjQwOCIsIjIzNzkiXSwidG1kYkFwaUtleSI6IjZmNTUyOGRhMWQzODNkZTFiODVjODA3NTZkODIzNzJlIiwicmVnaW9ucyI6WyJVUyJdLCJmaWx0ZXJDb250ZW50V2l0aG91dFBvc3RlciI6IiIsInRyYWt0VXNlcm5hbWUiOiIiLCJoaWRlVHJha3RIaXN0b3J5IjoiZmFsc2UiLCJ3YXRjaGVkRW1vamkiOiLinJTvuI8ifQ==/catalog/movie/tmdb-discover-movies-popular-337/skip=20.json
[2025-08-28 21:41:03] [WARN]: File-based Redis operation failed: redisClient[operation] is not a function
[2025-08-28 21:41:10] [INFO]: --- Request received ---
[2025-08-28 21:41:10] [INFO]: GET /eyJsYW5ndWFnZSI6ImVuIiwiYWdlUmFuZ2UiOiIxOCsiLCJycGRiQXBpS2V5IjoiIiwiZmFuYXJ0QXBpS2V5IjoiIiwicG9wdWxhckNhdGFsb2dUaXRsZSI6IiIsIm5ld0NhdGFsb2dUaXRsZSI6IiIsInByb3ZpZGVycyI6WyIxNTEiLCI1ODQiLCIzMzciLCIyMzc2IiwiMjQwOCIsIjIzNzkiXSwidG1kYkFwaUtleSI6IjZmNTUyOGRhMWQzODNkZTFiODVjODA3NTZkODIzNzJlIiwicmVnaW9ucyI6WyJVUyJdLCJmaWx0ZXJDb250ZW50V2l0aG91dFBvc3RlciI6IiIsInRyYWt0VXNlcm5hbWUiOiIiLCJoaWRlVHJha3RIaXN0b3J5IjoiZmFsc2UiLCJ3YXRjaGVkRW1vamkiOiLinJTvuI8ifQ==/catalog/movie/tmdb-discover-movies-popular-337/skip=20.json
[2025-08-28 21:41:10] [WARN]: File-based Redis operation failed: redisClient[operation] is not a function
[2025-08-28 21:41:10] [INFO]: --- Request received ---
[2025-08-28 21:41:10] [INFO]: GET /eyJsYW5ndWFnZSI6ImVuIiwiYWdlUmFuZ2UiOiIxOCsiLCJycGRiQXBpS2V5IjoiIiwiZmFuYXJ0QXBpS2V5IjoiIiwicG9wdWxhckNhdGFsb2dUaXRsZSI6IiIsIm5ld0NhdGFsb2dUaXRsZSI6IiIsInByb3ZpZGVycyI6WyIxNTEiLCI1ODQiLCIzMzciLCIyMzc2IiwiMjQwOCIsIjIzNzkiXSwidG1kYkFwaUtleSI6IjZmNTUyOGRhMWQzODNkZTFiODVjODA3NTZkODIzNzJlIiwicmVnaW9ucyI6WyJVUyJdLCJmaWx0ZXJDb250ZW50V2l0aG91dFBvc3RlciI6IiIsInRyYWt0VXNlcm5hbWUiOiIiLCJoaWRlVHJha3RIaXN0b3J5IjoiZmFsc2UiLCJ3YXRjaGVkRW1vamkiOiLinJTvuI8ifQ==/catalog/movie/tmdb-discover-movies-popular-337/skip=20.json
[2025-08-28 21:41:10] [WARN]: File-based Redis operation failed: redisClient[operation] is not a function
[2025-08-28 21:41:10] [INFO]: --- Request received ---
[2025-08-28 21:41:10] [INFO]: GET /eyJsYW5ndWFnZSI6ImVuIiwiYWdlUmFuZ2UiOiIxOCsiLCJycGRiQXBpS2V5IjoiIiwiZmFuYXJ0QXBpS2V5IjoiIiwicG9wdWxhckNhdGFsb2dUaXRsZSI6IiIsIm5ld0NhdGFsb2dUaXRsZSI6IiIsInByb3ZpZGVycyI6WyIxNTEiLCI1ODQiLCIzMzciLCIyMzc2IiwiMjQwOCIsIjIzNzkiXSwidG1kYkFwaUtleSI6IjZmNTUyOGRhMWQzODNkZTFiODVjODA3NTZkODIzNzJlIiwicmVnaW9ucyI6WyJVUyJdLCJmaWx0ZXJDb250ZW50V2l0aG91dFBvc3RlciI6IiIsInRyYWt0VXNlcm5hbWUiOiIiLCJoaWRlVHJha3RIaXN0b3J5IjoiZmFsc2UiLCJ3YXRjaGVkRW1vamkiOiLinJTvuI8ifQ==/catalog/movie/tmdb-discover-movies-popular-337/skip=20.json
[2025-08-28 21:41:10] [WARN]: File-based Redis operation failed: redisClient[operation] is not a function
[2025-08-28 22:05:03] [INFO]: Server running on port 7000 - Environment: production
[2025-08-28 22:23:18] [INFO]: --- Request received ---
[2025-08-28 22:23:18] [INFO]: GET /
[2025-08-28 22:23:19] [INFO]: Redirecting to /configure
[2025-08-28 22:23:19] [INFO]: --- Request received ---
[2025-08-28 22:23:19] [INFO]: GET /configure
[2025-08-28 22:23:19] [INFO]: Sending public/configure.html
[2025-08-28 22:23:26] [INFO]: --- Request received ---
[2025-08-28 22:23:26] [INFO]: GET /env
[2025-08-28 22:23:26] [INFO]: Sending environment variable TRAKT_CLIENT_ID to client
[2025-08-28 22:23:52] [INFO]: --- Request received ---
[2025-08-28 22:23:52] [INFO]: POST /fetch-providers
[2025-08-28 22:23:52] [INFO]: Providers fetched from the database (less than 24 hours old).
[2025-08-28 22:24:20] [INFO]: --- Request received ---
[2025-08-28 22:24:20] [INFO]: GET /eyJsYW5ndWFnZSI6ImVuIiwiYWdlUmFuZ2UiOiIxOCsiLCJycGRiQXBpS2V5IjoiIiwiZmFuYXJ0QXBpS2V5IjoiIiwicG9wdWxhckNhdGFsb2dUaXRsZSI6IiIsIm5ld0NhdGFsb2dUaXRsZSI6IiIsInByb3ZpZGVycyI6WyIxNTEiLCI1ODQiLCIzMzciLCIyMzc2IiwiMjQwOCIsIjIzNzkiXSwidG1kYkFwaUtleSI6IjZmNTUyOGRhMWQzODNkZTFiODVjODA3NTZkODIzNzJlIiwicmVnaW9ucyI6WyJVUyJdLCJmaWx0ZXJDb250ZW50V2l0aG91dFBvc3RlciI6IiIsInRyYWt0VXNlcm5hbWUiOiIiLCJoaWRlVHJha3RIaXN0b3J5IjoiZmFsc2UiLCJ3YXRjaGVkRW1vamkiOiLinJTvuI8ifQ==/catalog/movie/tmdb-discover-movies-popular-151.json
[2025-08-28 22:24:21] [ERROR]: Error processing request: safeRedisCall is not a function
[2025-08-28 22:24:21] [INFO]: --- Request received ---
[2025-08-28 22:24:21] [INFO]: GET /eyJsYW5ndWFnZSI6ImVuIiwiYWdlUmFuZ2UiOiIxOCsiLCJycGRiQXBpS2V5IjoiIiwiZmFuYXJ0QXBpS2V5IjoiIiwicG9wdWxhckNhdGFsb2dUaXRsZSI6IiIsIm5ld0NhdGFsb2dUaXRsZSI6IiIsInByb3ZpZGVycyI6WyIxNTEiLCI1ODQiLCIzMzciLCIyMzc2IiwiMjQwOCIsIjIzNzkiXSwidG1kYkFwaUtleSI6IjZmNTUyOGRhMWQzODNkZTFiODVjODA3NTZkODIzNzJlIiwicmVnaW9ucyI6WyJVUyJdLCJmaWx0ZXJDb250ZW50V2l0aG91dFBvc3RlciI6IiIsInRyYWt0VXNlcm5hbWUiOiIiLCJoaWRlVHJha3RIaXN0b3J5IjoiZmFsc2UiLCJ3YXRjaGVkRW1vamkiOiLinJTvuI8ifQ==/catalog/movie/tmdb-discover-movies-popular-584.json
[2025-08-28 22:24:21] [ERROR]: Error processing request: safeRedisCall is not a function
[2025-08-28 22:24:21] [INFO]: --- Request received ---
[2025-08-28 22:24:21] [INFO]: GET /eyJsYW5ndWFnZSI6ImVuIiwiYWdlUmFuZ2UiOiIxOCsiLCJycGRiQXBpS2V5IjoiIiwiZmFuYXJ0QXBpS2V5IjoiIiwicG9wdWxhckNhdGFsb2dUaXRsZSI6IiIsIm5ld0NhdGFsb2dUaXRsZSI6IiIsInByb3ZpZGVycyI6WyIxNTEiLCI1ODQiLCIzMzciLCIyMzc2IiwiMjQwOCIsIjIzNzkiXSwidG1kYkFwaUtleSI6IjZmNTUyOGRhMWQzODNkZTFiODVjODA3NTZkODIzNzJlIiwicmVnaW9ucyI6WyJVUyJdLCJmaWx0ZXJDb250ZW50V2l0aG91dFBvc3RlciI6IiIsInRyYWt0VXNlcm5hbWUiOiIiLCJoaWRlVHJha3RIaXN0b3J5IjoiZmFsc2UiLCJ3YXRjaGVkRW1vamkiOiLinJTvuI8ifQ==/catalog/movie/tmdb-discover-movies-new-584.json
[2025-08-28 22:24:21] [ERROR]: Error processing request: safeRedisCall is not a function
[2025-08-28 22:24:21] [INFO]: --- Request received ---
[2025-08-28 22:24:21] [INFO]: GET /eyJsYW5ndWFnZSI6ImVuIiwiYWdlUmFuZ2UiOiIxOCsiLCJycGRiQXBpS2V5IjoiIiwiZmFuYXJ0QXBpS2V5IjoiIiwicG9wdWxhckNhdGFsb2dUaXRsZSI6IiIsIm5ld0NhdGFsb2dUaXRsZSI6IiIsInByb3ZpZGVycyI6WyIxNTEiLCI1ODQiLCIzMzciLCIyMzc2IiwiMjQwOCIsIjIzNzkiXSwidG1kYkFwaUtleSI6IjZmNTUyOGRhMWQzODNkZTFiODVjODA3NTZkODIzNzJlIiwicmVnaW9ucyI6WyJVUyJdLCJmaWx0ZXJDb250ZW50V2l0aG91dFBvc3RlciI6IiIsInRyYWt0VXNlcm5hbWUiOiIiLCJoaWRlVHJha3RIaXN0b3J5IjoiZmFsc2UiLCJ3YXRjaGVkRW1vamkiOiLinJTvuI8ifQ==/catalog/series/tmdb-discover-series-popular-151.json
[2025-08-28 22:24:21] [ERROR]: Error processing request: safeRedisCall is not a function
[2025-08-28 22:24:21] [INFO]: --- Request received ---
[2025-08-28 22:24:21] [INFO]: GET /eyJsYW5ndWFnZSI6ImVuIiwiYWdlUmFuZ2UiOiIxOCsiLCJycGRiQXBpS2V5IjoiIiwiZmFuYXJ0QXBpS2V5IjoiIiwicG9wdWxhckNhdGFsb2dUaXRsZSI6IiIsIm5ld0NhdGFsb2dUaXRsZSI6IiIsInByb3ZpZGVycyI6WyIxNTEiLCI1ODQiLCIzMzciLCIyMzc2IiwiMjQwOCIsIjIzNzkiXSwidG1kYkFwaUtleSI6IjZmNTUyOGRhMWQzODNkZTFiODVjODA3NTZkODIzNzJlIiwicmVnaW9ucyI6WyJVUyJdLCJmaWx0ZXJDb250ZW50V2l0aG91dFBvc3RlciI6IiIsInRyYWt0VXNlcm5hbWUiOiIiLCJoaWRlVHJha3RIaXN0b3J5IjoiZmFsc2UiLCJ3YXRjaGVkRW1vamkiOiLinJTvuI8ifQ==/catalog/series/tmdb-discover-series-new-151.json
[2025-08-28 22:24:21] [ERROR]: Error processing request: safeRedisCall is not a function
[2025-08-28 22:24:21] [INFO]: --- Request received ---
[2025-08-28 22:24:21] [INFO]: GET /eyJsYW5ndWFnZSI6ImVuIiwiYWdlUmFuZ2UiOiIxOCsiLCJycGRiQXBpS2V5IjoiIiwiZmFuYXJ0QXBpS2V5IjoiIiwicG9wdWxhckNhdGFsb2dUaXRsZSI6IiIsIm5ld0NhdGFsb2dUaXRsZSI6IiIsInByb3ZpZGVycyI6WyIxNTEiLCI1ODQiLCIzMzciLCIyMzc2IiwiMjQwOCIsIjIzNzkiXSwidG1kYkFwaUtleSI6IjZmNTUyOGRhMWQzODNkZTFiODVjODA3NTZkODIzNzJlIiwicmVnaW9ucyI6WyJVUyJdLCJmaWx0ZXJDb250ZW50V2l0aG91dFBvc3RlciI6IiIsInRyYWt0VXNlcm5hbWUiOiIiLCJoaWRlVHJha3RIaXN0b3J5IjoiZmFsc2UiLCJ3YXRjaGVkRW1vamkiOiLinJTvuI8ifQ==/catalog/movie/tmdb-discover-movies-new-151.json
[2025-08-28 22:24:21] [ERROR]: Error processing request: safeRedisCall is not a function
[2025-08-28 22:24:21] [INFO]: --- Request received ---
[2025-08-28 22:24:21] [INFO]: GET /eyJsYW5ndWFnZSI6ImVuIiwiYWdlUmFuZ2UiOiIxOCsiLCJycGRiQXBpS2V5IjoiIiwiZmFuYXJ0QXBpS2V5IjoiIiwicG9wdWxhckNhdGFsb2dUaXRsZSI6IiIsIm5ld0NhdGFsb2dUaXRsZSI6IiIsInByb3ZpZGVycyI6WyIxNTEiLCI1ODQiLCIzMzciLCIyMzc2IiwiMjQwOCIsIjIzNzkiXSwidG1kYkFwaUtleSI6IjZmNTUyOGRhMWQzODNkZTFiODVjODA3NTZkODIzNzJlIiwicmVnaW9ucyI6WyJVUyJdLCJmaWx0ZXJDb250ZW50V2l0aG91dFBvc3RlciI6IiIsInRyYWt0VXNlcm5hbWUiOiIiLCJoaWRlVHJha3RIaXN0b3J5IjoiZmFsc2UiLCJ3YXRjaGVkRW1vamkiOiLinJTvuI8ifQ==/catalog/series/tmdb-discover-series-popular-584.json
[2025-08-28 22:24:21] [ERROR]: Error processing request: safeRedisCall is not a function
[2025-08-28 22:24:21] [INFO]: --- Request received ---
[2025-08-28 22:24:21] [INFO]: GET /eyJsYW5ndWFnZSI6ImVuIiwiYWdlUmFuZ2UiOiIxOCsiLCJycGRiQXBpS2V5IjoiIiwiZmFuYXJ0QXBpS2V5IjoiIiwicG9wdWxhckNhdGFsb2dUaXRsZSI6IiIsIm5ld0NhdGFsb2dUaXRsZSI6IiIsInByb3ZpZGVycyI6WyIxNTEiLCI1ODQiLCIzMzciLCIyMzc2IiwiMjQwOCIsIjIzNzkiXSwidG1kYkFwaUtleSI6IjZmNTUyOGRhMWQzODNkZTFiODVjODA3NTZkODIzNzJlIiwicmVnaW9ucyI6WyJVUyJdLCJmaWx0ZXJDb250ZW50V2l0aG91dFBvc3RlciI6IiIsInRyYWt0VXNlcm5hbWUiOiIiLCJoaWRlVHJha3RIaXN0b3J5IjoiZmFsc2UiLCJ3YXRjaGVkRW1vamkiOiLinJTvuI8ifQ==/catalog/series/tmdb-discover-series-new-584.json
[2025-08-28 22:24:21] [ERROR]: Error processing request: safeRedisCall is not a function
[2025-08-28 22:24:21] [INFO]: --- Request received ---
[2025-08-28 22:24:21] [INFO]: GET /eyJsYW5ndWFnZSI6ImVuIiwiYWdlUmFuZ2UiOiIxOCsiLCJycGRiQXBpS2V5IjoiIiwiZmFuYXJ0QXBpS2V5IjoiIiwicG9wdWxhckNhdGFsb2dUaXRsZSI6IiIsIm5ld0NhdGFsb2dUaXRsZSI6IiIsInByb3ZpZGVycyI6WyIxNTEiLCI1ODQiLCIzMzciLCIyMzc2IiwiMjQwOCIsIjIzNzkiXSwidG1kYkFwaUtleSI6IjZmNTUyOGRhMWQzODNkZTFiODVjODA3NTZkODIzNzJlIiwicmVnaW9ucyI6WyJVUyJdLCJmaWx0ZXJDb250ZW50V2l0aG91dFBvc3RlciI6IiIsInRyYWt0VXNlcm5hbWUiOiIiLCJoaWRlVHJha3RIaXN0b3J5IjoiZmFsc2UiLCJ3YXRjaGVkRW1vamkiOiLinJTvuI8ifQ==/catalog/movie/tmdb-discover-movies-new-337.json
[2025-08-28 22:24:21] [ERROR]: Error processing request: safeRedisCall is not a function
[2025-08-28 22:24:21] [INFO]: --- Request received ---
[2025-08-28 22:24:21] [INFO]: GET /eyJsYW5ndWFnZSI6ImVuIiwiYWdlUmFuZ2UiOiIxOCsiLCJycGRiQXBpS2V5IjoiIiwiZmFuYXJ0QXBpS2V5IjoiIiwicG9wdWxhckNhdGFsb2dUaXRsZSI6IiIsIm5ld0NhdGFsb2dUaXRsZSI6IiIsInByb3ZpZGVycyI6WyIxNTEiLCI1ODQiLCIzMzciLCIyMzc2IiwiMjQwOCIsIjIzNzkiXSwidG1kYkFwaUtleSI6IjZmNTUyOGRhMWQzODNkZTFiODVjODA3NTZkODIzNzJlIiwicmVnaW9ucyI6WyJVUyJdLCJmaWx0ZXJDb250ZW50V2l0aG91dFBvc3RlciI6IiIsInRyYWt0VXNlcm5hbWUiOiIiLCJoaWRlVHJha3RIaXN0b3J5IjoiZmFsc2UiLCJ3YXRjaGVkRW1vamkiOiLinJTvuI8ifQ==/catalog/series/tmdb-discover-series-popular-337.json
[2025-08-28 22:24:21] [ERROR]: Error processing request: safeRedisCall is not a function
[2025-08-28 22:24:21] [INFO]: --- Request received ---
[2025-08-28 22:24:21] [INFO]: GET /eyJsYW5ndWFnZSI6ImVuIiwiYWdlUmFuZ2UiOiIxOCsiLCJycGRiQXBpS2V5IjoiIiwiZmFuYXJ0QXBpS2V5IjoiIiwicG9wdWxhckNhdGFsb2dUaXRsZSI6IiIsIm5ld0NhdGFsb2dUaXRsZSI6IiIsInByb3ZpZGVycyI6WyIxNTEiLCI1ODQiLCIzMzciLCIyMzc2IiwiMjQwOCIsIjIzNzkiXSwidG1kYkFwaUtleSI6IjZmNTUyOGRhMWQzODNkZTFiODVjODA3NTZkODIzNzJlIiwicmVnaW9ucyI6WyJVUyJdLCJmaWx0ZXJDb250ZW50V2l0aG91dFBvc3RlciI6IiIsInRyYWt0VXNlcm5hbWUiOiIiLCJoaWRlVHJha3RIaXN0b3J5IjoiZmFsc2UiLCJ3YXRjaGVkRW1vamkiOiLinJTvuI8ifQ==/catalog/movie/tmdb-discover-movies-popular-2376.json
[2025-08-28 22:24:21] [ERROR]: Error processing request: safeRedisCall is not a function
[2025-08-28 22:24:21] [INFO]: --- Request received ---
[2025-08-28 22:24:21] [INFO]: GET /eyJsYW5ndWFnZSI6ImVuIiwiYWdlUmFuZ2UiOiIxOCsiLCJycGRiQXBpS2V5IjoiIiwiZmFuYXJ0QXBpS2V5IjoiIiwicG9wdWxhckNhdGFsb2dUaXRsZSI6IiIsIm5ld0NhdGFsb2dUaXRsZSI6IiIsInByb3ZpZGVycyI6WyIxNTEiLCI1ODQiLCIzMzciLCIyMzc2IiwiMjQwOCIsIjIzNzkiXSwidG1kYkFwaUtleSI6IjZmNTUyOGRhMWQzODNkZTFiODVjODA3NTZkODIzNzJlIiwicmVnaW9ucyI6WyJVUyJdLCJmaWx0ZXJDb250ZW50V2l0aG91dFBvc3RlciI6IiIsInRyYWt0VXNlcm5hbWUiOiIiLCJoaWRlVHJha3RIaXN0b3J5IjoiZmFsc2UiLCJ3YXRjaGVkRW1vamkiOiLinJTvuI8ifQ==/catalog/movie/tmdb-discover-movies-new-2376.json
[2025-08-28 22:24:21] [ERROR]: Error processing request: safeRedisCall is not a function
[2025-08-28 22:24:21] [INFO]: --- Request received ---
[2025-08-28 22:24:21] [INFO]: GET /eyJsYW5ndWFnZSI6ImVuIiwiYWdlUmFuZ2UiOiIxOCsiLCJycGRiQXBpS2V5IjoiIiwiZmFuYXJ0QXBpS2V5IjoiIiwicG9wdWxhckNhdGFsb2dUaXRsZSI6IiIsIm5ld0NhdGFsb2dUaXRsZSI6IiIsInByb3ZpZGVycyI6WyIxNTEiLCI1ODQiLCIzMzciLCIyMzc2IiwiMjQwOCIsIjIzNzkiXSwidG1kYkFwaUtleSI6IjZmNTUyOGRhMWQzODNkZTFiODVjODA3NTZkODIzNzJlIiwicmVnaW9ucyI6WyJVUyJdLCJmaWx0ZXJDb250ZW50V2l0aG91dFBvc3RlciI6IiIsInRyYWt0VXNlcm5hbWUiOiIiLCJoaWRlVHJha3RIaXN0b3J5IjoiZmFsc2UiLCJ3YXRjaGVkRW1vamkiOiLinJTvuI8ifQ==/catalog/series/tmdb-discover-series-popular-2376.json
[2025-08-28 22:24:21] [ERROR]: Error processing request: safeRedisCall is not a function
[2025-08-28 22:24:21] [INFO]: --- Request received ---
[2025-08-28 22:24:21] [INFO]: GET /eyJsYW5ndWFnZSI6ImVuIiwiYWdlUmFuZ2UiOiIxOCsiLCJycGRiQXBpS2V5IjoiIiwiZmFuYXJ0QXBpS2V5IjoiIiwicG9wdWxhckNhdGFsb2dUaXRsZSI6IiIsIm5ld0NhdGFsb2dUaXRsZSI6IiIsInByb3ZpZGVycyI6WyIxNTEiLCI1ODQiLCIzMzciLCIyMzc2IiwiMjQwOCIsIjIzNzkiXSwidG1kYkFwaUtleSI6IjZmNTUyOGRhMWQzODNkZTFiODVjODA3NTZkODIzNzJlIiwicmVnaW9ucyI6WyJVUyJdLCJmaWx0ZXJDb250ZW50V2l0aG91dFBvc3RlciI6IiIsInRyYWt0VXNlcm5hbWUiOiIiLCJoaWRlVHJha3RIaXN0b3J5IjoiZmFsc2UiLCJ3YXRjaGVkRW1vamkiOiLinJTvuI8ifQ==/catalog/series/tmdb-discover-series-new-2376.json
[2025-08-28 22:24:21] [ERROR]: Error processing request: safeRedisCall is not a function
[2025-08-28 22:24:21] [INFO]: --- Request received ---
[2025-08-28 22:24:21] [INFO]: GET /eyJsYW5ndWFnZSI6ImVuIiwiYWdlUmFuZ2UiOiIxOCsiLCJycGRiQXBpS2V5IjoiIiwiZmFuYXJ0QXBpS2V5IjoiIiwicG9wdWxhckNhdGFsb2dUaXRsZSI6IiIsIm5ld0NhdGFsb2dUaXRsZSI6IiIsInByb3ZpZGVycyI6WyIxNTEiLCI1ODQiLCIzMzciLCIyMzc2IiwiMjQwOCIsIjIzNzkiXSwidG1kYkFwaUtleSI6IjZmNTUyOGRhMWQzODNkZTFiODVjODA3NTZkODIzNzJlIiwicmVnaW9ucyI6WyJVUyJdLCJmaWx0ZXJDb250ZW50V2l0aG91dFBvc3RlciI6IiIsInRyYWt0VXNlcm5hbWUiOiIiLCJoaWRlVHJha3RIaXN0b3J5IjoiZmFsc2UiLCJ3YXRjaGVkRW1vamkiOiLinJTvuI8ifQ==/catalog/series/tmdb-discover-series-new-337.json
[2025-08-28 22:24:21] [ERROR]: Error processing request: safeRedisCall is not a function
[2025-08-28 22:24:21] [INFO]: --- Request received ---
[2025-08-28 22:24:21] [INFO]: GET /eyJsYW5ndWFnZSI6ImVuIiwiYWdlUmFuZ2UiOiIxOCsiLCJycGRiQXBpS2V5IjoiIiwiZmFuYXJ0QXBpS2V5IjoiIiwicG9wdWxhckNhdGFsb2dUaXRsZSI6IiIsIm5ld0NhdGFsb2dUaXRsZSI6IiIsInByb3ZpZGVycyI6WyIxNTEiLCI1ODQiLCIzMzciLCIyMzc2IiwiMjQwOCIsIjIzNzkiXSwidG1kYkFwaUtleSI6IjZmNTUyOGRhMWQzODNkZTFiODVjODA3NTZkODIzNzJlIiwicmVnaW9ucyI6WyJVUyJdLCJmaWx0ZXJDb250ZW50V2l0aG91dFBvc3RlciI6IiIsInRyYWt0VXNlcm5hbWUiOiIiLCJoaWRlVHJha3RIaXN0b3J5IjoiZmFsc2UiLCJ3YXRjaGVkRW1vamkiOiLinJTvuI8ifQ==/catalog/movie/tmdb-discover-movies-new-2408.json
[2025-08-28 22:24:21] [ERROR]: Error processing request: safeRedisCall is not a function
[2025-08-28 22:24:21] [INFO]: --- Request received ---
[2025-08-28 22:24:21] [INFO]: GET /eyJsYW5ndWFnZSI6ImVuIiwiYWdlUmFuZ2UiOiIxOCsiLCJycGRiQXBpS2V5IjoiIiwiZmFuYXJ0QXBpS2V5IjoiIiwicG9wdWxhckNhdGFsb2dUaXRsZSI6IiIsIm5ld0NhdGFsb2dUaXRsZSI6IiIsInByb3ZpZGVycyI6WyIxNTEiLCI1ODQiLCIzMzciLCIyMzc2IiwiMjQwOCIsIjIzNzkiXSwidG1kYkFwaUtleSI6IjZmNTUyOGRhMWQzODNkZTFiODVjODA3NTZkODIzNzJlIiwicmVnaW9ucyI6WyJVUyJdLCJmaWx0ZXJDb250ZW50V2l0aG91dFBvc3RlciI6IiIsInRyYWt0VXNlcm5hbWUiOiIiLCJoaWRlVHJha3RIaXN0b3J5IjoiZmFsc2UiLCJ3YXRjaGVkRW1vamkiOiLinJTvuI8ifQ==/catalog/series/tmdb-discover-series-new-2408.json
[2025-08-28 22:24:21] [ERROR]: Error processing request: safeRedisCall is not a function
[2025-08-28 22:24:21] [INFO]: --- Request received ---
[2025-08-28 22:24:21] [INFO]: GET /eyJsYW5ndWFnZSI6ImVuIiwiYWdlUmFuZ2UiOiIxOCsiLCJycGRiQXBpS2V5IjoiIiwiZmFuYXJ0QXBpS2V5IjoiIiwicG9wdWxhckNhdGFsb2dUaXRsZSI6IiIsIm5ld0NhdGFsb2dUaXRsZSI6IiIsInByb3ZpZGVycyI6WyIxNTEiLCI1ODQiLCIzMzciLCIyMzc2IiwiMjQwOCIsIjIzNzkiXSwidG1kYkFwaUtleSI6IjZmNTUyOGRhMWQzODNkZTFiODVjODA3NTZkODIzNzJlIiwicmVnaW9ucyI6WyJVUyJdLCJmaWx0ZXJDb250ZW50V2l0aG91dFBvc3RlciI6IiIsInRyYWt0VXNlcm5hbWUiOiIiLCJoaWRlVHJha3RIaXN0b3J5IjoiZmFsc2UiLCJ3YXRjaGVkRW1vamkiOiLinJTvuI8ifQ==/catalog/movie/tmdb-discover-movies-popular-2379.json
[2025-08-28 22:24:21] [ERROR]: Error processing request: safeRedisCall is not a function
[2025-08-28 22:24:21] [INFO]: --- Request received ---
[2025-08-28 22:24:21] [INFO]: GET /eyJsYW5ndWFnZSI6ImVuIiwiYWdlUmFuZ2UiOiIxOCsiLCJycGRiQXBpS2V5IjoiIiwiZmFuYXJ0QXBpS2V5IjoiIiwicG9wdWxhckNhdGFsb2dUaXRsZSI6IiIsIm5ld0NhdGFsb2dUaXRsZSI6IiIsInByb3ZpZGVycyI6WyIxNTEiLCI1ODQiLCIzMzciLCIyMzc2IiwiMjQwOCIsIjIzNzkiXSwidG1kYkFwaUtleSI6IjZmNTUyOGRhMWQzODNkZTFiODVjODA3NTZkODIzNzJlIiwicmVnaW9ucyI6WyJVUyJdLCJmaWx0ZXJDb250ZW50V2l0aG91dFBvc3RlciI6IiIsInRyYWt0VXNlcm5hbWUiOiIiLCJoaWRlVHJha3RIaXN0b3J5IjoiZmFsc2UiLCJ3YXRjaGVkRW1vamkiOiLinJTvuI8ifQ==/catalog/movie/tmdb-discover-movies-popular-337.json
[2025-08-28 22:24:21] [ERROR]: Error processing request: safeRedisCall is not a function
[2025-08-28 22:24:21] [INFO]: --- Request received ---
[2025-08-28 22:24:21] [INFO]: GET /eyJsYW5ndWFnZSI6ImVuIiwiYWdlUmFuZ2UiOiIxOCsiLCJycGRiQXBpS2V5IjoiIiwiZmFuYXJ0QXBpS2V5IjoiIiwicG9wdWxhckNhdGFsb2dUaXRsZSI6IiIsIm5ld0NhdGFsb2dUaXRsZSI6IiIsInByb3ZpZGVycyI6WyIxNTEiLCI1ODQiLCIzMzciLCIyMzc2IiwiMjQwOCIsIjIzNzkiXSwidG1kYkFwaUtleSI6IjZmNTUyOGRhMWQzODNkZTFiODVjODA3NTZkODIzNzJlIiwicmVnaW9ucyI6WyJVUyJdLCJmaWx0ZXJDb250ZW50V2l0aG91dFBvc3RlciI6IiIsInRyYWt0VXNlcm5hbWUiOiIiLCJoaWRlVHJha3RIaXN0b3J5IjoiZmFsc2UiLCJ3YXRjaGVkRW1vamkiOiLinJTvuI8ifQ==/catalog/movie/tmdb-discover-movies-popular-2408.json
[2025-08-28 22:24:21] [ERROR]: Error processing request: safeRedisCall is not a function
[2025-08-28 22:24:21] [INFO]: --- Request received ---
[2025-08-28 22:24:21] [INFO]: GET /eyJsYW5ndWFnZSI6ImVuIiwiYWdlUmFuZ2UiOiIxOCsiLCJycGRiQXBpS2V5IjoiIiwiZmFuYXJ0QXBpS2V5IjoiIiwicG9wdWxhckNhdGFsb2dUaXRsZSI6IiIsIm5ld0NhdGFsb2dUaXRsZSI6IiIsInByb3ZpZGVycyI6WyIxNTEiLCI1ODQiLCIzMzciLCIyMzc2IiwiMjQwOCIsIjIzNzkiXSwidG1kYkFwaUtleSI6IjZmNTUyOGRhMWQzODNkZTFiODVjODA3NTZkODIzNzJlIiwicmVnaW9ucyI6WyJVUyJdLCJmaWx0ZXJDb250ZW50V2l0aG91dFBvc3RlciI6IiIsInRyYWt0VXNlcm5hbWUiOiIiLCJoaWRlVHJha3RIaXN0b3J5IjoiZmFsc2UiLCJ3YXRjaGVkRW1vamkiOiLinJTvuI8ifQ==/catalog/series/tmdb-discover-series-popular-2379.json
[2025-08-28 22:24:21] [ERROR]: Error processing request: safeRedisCall is not a function
[2025-08-28 22:24:21] [INFO]: --- Request received ---
[2025-08-28 22:24:21] [INFO]: GET /eyJsYW5ndWFnZSI6ImVuIiwiYWdlUmFuZ2UiOiIxOCsiLCJycGRiQXBpS2V5IjoiIiwiZmFuYXJ0QXBpS2V5IjoiIiwicG9wdWxhckNhdGFsb2dUaXRsZSI6IiIsIm5ld0NhdGFsb2dUaXRsZSI6IiIsInByb3ZpZGVycyI6WyIxNTEiLCI1ODQiLCIzMzciLCIyMzc2IiwiMjQwOCIsIjIzNzkiXSwidG1kYkFwaUtleSI6IjZmNTUyOGRhMWQzODNkZTFiODVjODA3NTZkODIzNzJlIiwicmVnaW9ucyI6WyJVUyJdLCJmaWx0ZXJDb250ZW50V2l0aG91dFBvc3RlciI6IiIsInRyYWt0VXNlcm5hbWUiOiIiLCJoaWRlVHJha3RIaXN0b3J5IjoiZmFsc2UiLCJ3YXRjaGVkRW1vamkiOiLinJTvuI8ifQ==/catalog/series/tmdb-discover-series-new-2379.json
[2025-08-28 22:24:21] [ERROR]: Error processing request: safeRedisCall is not a function
[2025-08-28 22:24:21] [INFO]: --- Request received ---
[2025-08-28 22:24:21] [INFO]: GET /eyJsYW5ndWFnZSI6ImVuIiwiYWdlUmFuZ2UiOiIxOCsiLCJycGRiQXBpS2V5IjoiIiwiZmFuYXJ0QXBpS2V5IjoiIiwicG9wdWxhckNhdGFsb2dUaXRsZSI6IiIsIm5ld0NhdGFsb2dUaXRsZSI6IiIsInByb3ZpZGVycyI6WyIxNTEiLCI1ODQiLCIzMzciLCIyMzc2IiwiMjQwOCIsIjIzNzkiXSwidG1kYkFwaUtleSI6IjZmNTUyOGRhMWQzODNkZTFiODVjODA3NTZkODIzNzJlIiwicmVnaW9ucyI6WyJVUyJdLCJmaWx0ZXJDb250ZW50V2l0aG91dFBvc3RlciI6IiIsInRyYWt0VXNlcm5hbWUiOiIiLCJoaWRlVHJha3RIaXN0b3J5IjoiZmFsc2UiLCJ3YXRjaGVkRW1vamkiOiLinJTvuI8ifQ==/catalog/series/tmdb-discover-series-popular-2408.json
[2025-08-28 22:24:21] [ERROR]: Error processing request: safeRedisCall is not a function
[2025-08-28 22:24:21] [INFO]: --- Request received ---
[2025-08-28 22:24:21] [INFO]: GET /eyJsYW5ndWFnZSI6ImVuIiwiYWdlUmFuZ2UiOiIxOCsiLCJycGRiQXBpS2V5IjoiIiwiZmFuYXJ0QXBpS2V5IjoiIiwicG9wdWxhckNhdGFsb2dUaXRsZSI6IiIsIm5ld0NhdGFsb2dUaXRsZSI6IiIsInByb3ZpZGVycyI6WyIxNTEiLCI1ODQiLCIzMzciLCIyMzc2IiwiMjQwOCIsIjIzNzkiXSwidG1kYkFwaUtleSI6IjZmNTUyOGRhMWQzODNkZTFiODVjODA3NTZkODIzNzJlIiwicmVnaW9ucyI6WyJVUyJdLCJmaWx0ZXJDb250ZW50V2l0aG91dFBvc3RlciI6IiIsInRyYWt0VXNlcm5hbWUiOiIiLCJoaWRlVHJha3RIaXN0b3J5IjoiZmFsc2UiLCJ3YXRjaGVkRW1vamkiOiLinJTvuI8ifQ==/catalog/movie/tmdb-discover-movies-new-2379.json
[2025-08-28 22:24:21] [ERROR]: Error processing request: safeRedisCall is not a function
[2025-08-28 22:33:13] [INFO]: --- Request received ---
[2025-08-28 22:33:13] [INFO]: GET /eyJsYW5ndWFnZSI6ImVuIiwiYWdlUmFuZ2UiOiIxOCsiLCJycGRiQXBpS2V5IjoiIiwiZmFuYXJ0QXBpS2V5IjoiIiwicG9wdWxhckNhdGFsb2dUaXRsZSI6IiIsIm5ld0NhdGFsb2dUaXRsZSI6IiIsInByb3ZpZGVycyI6WyIxNTEiLCI1ODQiLCIzMzciLCIyMzc2IiwiMjQwOCIsIjIzNzkiXSwidG1kYkFwaUtleSI6IjZmNTUyOGRhMWQzODNkZTFiODVjODA3NTZkODIzNzJlIiwicmVnaW9ucyI6WyJVUyJdLCJmaWx0ZXJDb250ZW50V2l0aG91dFBvc3RlciI6IiIsInRyYWt0VXNlcm5hbWUiOiIiLCJoaWRlVHJha3RIaXN0b3J5IjoiZmFsc2UiLCJ3YXRjaGVkRW1vamkiOiLinJTvuI8ifQ==/catalog/movie/tmdb-discover-movies-popular-151.json
[2025-08-28 22:33:13] [ERROR]: Error processing request: safeRedisCall is not a function
[2025-08-28 22:33:13] [INFO]: --- Request received ---
[2025-08-28 22:33:13] [INFO]: GET /eyJsYW5ndWFnZSI6ImVuIiwiYWdlUmFuZ2UiOiIxOCsiLCJycGRiQXBpS2V5IjoiIiwiZmFuYXJ0QXBpS2V5IjoiIiwicG9wdWxhckNhdGFsb2dUaXRsZSI6IiIsIm5ld0NhdGFsb2dUaXRsZSI6IiIsInByb3ZpZGVycyI6WyIxNTEiLCI1ODQiLCIzMzciLCIyMzc2IiwiMjQwOCIsIjIzNzkiXSwidG1kYkFwaUtleSI6IjZmNTUyOGRhMWQzODNkZTFiODVjODA3NTZkODIzNzJlIiwicmVnaW9ucyI6WyJVUyJdLCJmaWx0ZXJDb250ZW50V2l0aG91dFBvc3RlciI6IiIsInRyYWt0VXNlcm5hbWUiOiIiLCJoaWRlVHJha3RIaXN0b3J5IjoiZmFsc2UiLCJ3YXRjaGVkRW1vamkiOiLinJTvuI8ifQ==/catalog/series/tmdb-discover-series-new-151.json
[2025-08-28 22:33:13] [ERROR]: Error processing request: safeRedisCall is not a function
[2025-08-28 22:33:13] [INFO]: --- Request received ---
[2025-08-28 22:33:13] [INFO]: GET /eyJsYW5ndWFnZSI6ImVuIiwiYWdlUmFuZ2UiOiIxOCsiLCJycGRiQXBpS2V5IjoiIiwiZmFuYXJ0QXBpS2V5IjoiIiwicG9wdWxhckNhdGFsb2dUaXRsZSI6IiIsIm5ld0NhdGFsb2dUaXRsZSI6IiIsInByb3ZpZGVycyI6WyIxNTEiLCI1ODQiLCIzMzciLCIyMzc2IiwiMjQwOCIsIjIzNzkiXSwidG1kYkFwaUtleSI6IjZmNTUyOGRhMWQzODNkZTFiODVjODA3NTZkODIzNzJlIiwicmVnaW9ucyI6WyJVUyJdLCJmaWx0ZXJDb250ZW50V2l0aG91dFBvc3RlciI6IiIsInRyYWt0VXNlcm5hbWUiOiIiLCJoaWRlVHJha3RIaXN0b3J5IjoiZmFsc2UiLCJ3YXRjaGVkRW1vamkiOiLinJTvuI8ifQ==/catalog/movie/tmdb-discover-movies-popular-584.json
[2025-08-28 22:33:13] [ERROR]: Error processing request: safeRedisCall is not a function
[2025-08-28 22:33:13] [INFO]: --- Request received ---
[2025-08-28 22:33:13] [INFO]: GET /eyJsYW5ndWFnZSI6ImVuIiwiYWdlUmFuZ2UiOiIxOCsiLCJycGRiQXBpS2V5IjoiIiwiZmFuYXJ0QXBpS2V5IjoiIiwicG9wdWxhckNhdGFsb2dUaXRsZSI6IiIsIm5ld0NhdGFsb2dUaXRsZSI6IiIsInByb3ZpZGVycyI6WyIxNTEiLCI1ODQiLCIzMzciLCIyMzc2IiwiMjQwOCIsIjIzNzkiXSwidG1kYkFwaUtleSI6IjZmNTUyOGRhMWQzODNkZTFiODVjODA3NTZkODIzNzJlIiwicmVnaW9ucyI6WyJVUyJdLCJmaWx0ZXJDb250ZW50V2l0aG91dFBvc3RlciI6IiIsInRyYWt0VXNlcm5hbWUiOiIiLCJoaWRlVHJha3RIaXN0b3J5IjoiZmFsc2UiLCJ3YXRjaGVkRW1vamkiOiLinJTvuI8ifQ==/catalog/series/tmdb-discover-series-popular-151.json
[2025-08-28 22:33:13] [ERROR]: Error processing request: safeRedisCall is not a function
[2025-08-28 22:33:13] [INFO]: --- Request received ---
[2025-08-28 22:33:13] [INFO]: GET /eyJsYW5ndWFnZSI6ImVuIiwiYWdlUmFuZ2UiOiIxOCsiLCJycGRiQXBpS2V5IjoiIiwiZmFuYXJ0QXBpS2V5IjoiIiwicG9wdWxhckNhdGFsb2dUaXRsZSI6IiIsIm5ld0NhdGFsb2dUaXRsZSI6IiIsInByb3ZpZGVycyI6WyIxNTEiLCI1ODQiLCIzMzciLCIyMzc2IiwiMjQwOCIsIjIzNzkiXSwidG1kYkFwaUtleSI6IjZmNTUyOGRhMWQzODNkZTFiODVjODA3NTZkODIzNzJlIiwicmVnaW9ucyI6WyJVUyJdLCJmaWx0ZXJDb250ZW50V2l0aG91dFBvc3RlciI6IiIsInRyYWt0VXNlcm5hbWUiOiIiLCJoaWRlVHJha3RIaXN0b3J5IjoiZmFsc2UiLCJ3YXRjaGVkRW1vamkiOiLinJTvuI8ifQ==/catalog/movie/tmdb-discover-movies-new-584.json
[2025-08-28 22:33:13] [ERROR]: Error processing request: safeRedisCall is not a function
[2025-08-28 22:33:13] [INFO]: --- Request received ---
[2025-08-28 22:33:13] [INFO]: GET /eyJsYW5ndWFnZSI6ImVuIiwiYWdlUmFuZ2UiOiIxOCsiLCJycGRiQXBpS2V5IjoiIiwiZmFuYXJ0QXBpS2V5IjoiIiwicG9wdWxhckNhdGFsb2dUaXRsZSI6IiIsIm5ld0NhdGFsb2dUaXRsZSI6IiIsInByb3ZpZGVycyI6WyIxNTEiLCI1ODQiLCIzMzciLCIyMzc2IiwiMjQwOCIsIjIzNzkiXSwidG1kYkFwaUtleSI6IjZmNTUyOGRhMWQzODNkZTFiODVjODA3NTZkODIzNzJlIiwicmVnaW9ucyI6WyJVUyJdLCJmaWx0ZXJDb250ZW50V2l0aG91dFBvc3RlciI6IiIsInRyYWt0VXNlcm5hbWUiOiIiLCJoaWRlVHJha3RIaXN0b3J5IjoiZmFsc2UiLCJ3YXRjaGVkRW1vamkiOiLinJTvuI8ifQ==/catalog/movie/tmdb-discover-movies-new-151.json
[2025-08-28 22:33:13] [ERROR]: Error processing request: safeRedisCall is not a function
[2025-08-28 22:33:13] [INFO]: --- Request received ---
[2025-08-28 22:33:13] [INFO]: GET /eyJsYW5ndWFnZSI6ImVuIiwiYWdlUmFuZ2UiOiIxOCsiLCJycGRiQXBpS2V5IjoiIiwiZmFuYXJ0QXBpS2V5IjoiIiwicG9wdWxhckNhdGFsb2dUaXRsZSI6IiIsIm5ld0NhdGFsb2dUaXRsZSI6IiIsInByb3ZpZGVycyI6WyIxNTEiLCI1ODQiLCIzMzciLCIyMzc2IiwiMjQwOCIsIjIzNzkiXSwidG1kYkFwaUtleSI6IjZmNTUyOGRhMWQzODNkZTFiODVjODA3NTZkODIzNzJlIiwicmVnaW9ucyI6WyJVUyJdLCJmaWx0ZXJDb250ZW50V2l0aG91dFBvc3RlciI6IiIsInRyYWt0VXNlcm5hbWUiOiIiLCJoaWRlVHJha3RIaXN0b3J5IjoiZmFsc2UiLCJ3YXRjaGVkRW1vamkiOiLinJTvuI8ifQ==/catalog/series/tmdb-discover-series-popular-584.json
[2025-08-28 22:33:13] [ERROR]: Error processing request: safeRedisCall is not a function
[2025-08-28 22:33:13] [INFO]: --- Request received ---
[2025-08-28 22:33:13] [INFO]: GET /eyJsYW5ndWFnZSI6ImVuIiwiYWdlUmFuZ2UiOiIxOCsiLCJycGRiQXBpS2V5IjoiIiwiZmFuYXJ0QXBpS2V5IjoiIiwicG9wdWxhckNhdGFsb2dUaXRsZSI6IiIsIm5ld0NhdGFsb2dUaXRsZSI6IiIsInByb3ZpZGVycyI6WyIxNTEiLCI1ODQiLCIzMzciLCIyMzc2IiwiMjQwOCIsIjIzNzkiXSwidG1kYkFwaUtleSI6IjZmNTUyOGRhMWQzODNkZTFiODVjODA3NTZkODIzNzJlIiwicmVnaW9ucyI6WyJVUyJdLCJmaWx0ZXJDb250ZW50V2l0aG91dFBvc3RlciI6IiIsInRyYWt0VXNlcm5hbWUiOiIiLCJoaWRlVHJha3RIaXN0b3J5IjoiZmFsc2UiLCJ3YXRjaGVkRW1vamkiOiLinJTvuI8ifQ==/catalog/series/tmdb-discover-series-new-584.json
[2025-08-28 22:33:13] [ERROR]: Error processing request: safeRedisCall is not a function
[2025-08-28 22:33:13] [INFO]: --- Request received ---
[2025-08-28 22:33:13] [INFO]: GET /eyJsYW5ndWFnZSI6ImVuIiwiYWdlUmFuZ2UiOiIxOCsiLCJycGRiQXBpS2V5IjoiIiwiZmFuYXJ0QXBpS2V5IjoiIiwicG9wdWxhckNhdGFsb2dUaXRsZSI6IiIsIm5ld0NhdGFsb2dUaXRsZSI6IiIsInByb3ZpZGVycyI6WyIxNTEiLCI1ODQiLCIzMzciLCIyMzc2IiwiMjQwOCIsIjIzNzkiXSwidG1kYkFwaUtleSI6IjZmNTUyOGRhMWQzODNkZTFiODVjODA3NTZkODIzNzJlIiwicmVnaW9ucyI6WyJVUyJdLCJmaWx0ZXJDb250ZW50V2l0aG91dFBvc3RlciI6IiIsInRyYWt0VXNlcm5hbWUiOiIiLCJoaWRlVHJha3RIaXN0b3J5IjoiZmFsc2UiLCJ3YXRjaGVkRW1vamkiOiLinJTvuI8ifQ==/catalog/movie/tmdb-discover-movies-popular-337.json
[2025-08-28 22:33:13] [ERROR]: Error processing request: safeRedisCall is not a function
[2025-08-28 22:33:13] [INFO]: --- Request received ---
[2025-08-28 22:33:13] [INFO]: GET /eyJsYW5ndWFnZSI6ImVuIiwiYWdlUmFuZ2UiOiIxOCsiLCJycGRiQXBpS2V5IjoiIiwiZmFuYXJ0QXBpS2V5IjoiIiwicG9wdWxhckNhdGFsb2dUaXRsZSI6IiIsIm5ld0NhdGFsb2dUaXRsZSI6IiIsInByb3ZpZGVycyI6WyIxNTEiLCI1ODQiLCIzMzciLCIyMzc2IiwiMjQwOCIsIjIzNzkiXSwidG1kYkFwaUtleSI6IjZmNTUyOGRhMWQzODNkZTFiODVjODA3NTZkODIzNzJlIiwicmVnaW9ucyI6WyJVUyJdLCJmaWx0ZXJDb250ZW50V2l0aG91dFBvc3RlciI6IiIsInRyYWt0VXNlcm5hbWUiOiIiLCJoaWRlVHJha3RIaXN0b3J5IjoiZmFsc2UiLCJ3YXRjaGVkRW1vamkiOiLinJTvuI8ifQ==/catalog/movie/tmdb-discover-movies-new-337.json
[2025-08-28 22:33:13] [ERROR]: Error processing request: safeRedisCall is not a function
[2025-08-28 22:33:13] [INFO]: --- Request received ---
[2025-08-28 22:33:13] [INFO]: GET /eyJsYW5ndWFnZSI6ImVuIiwiYWdlUmFuZ2UiOiIxOCsiLCJycGRiQXBpS2V5IjoiIiwiZmFuYXJ0QXBpS2V5IjoiIiwicG9wdWxhckNhdGFsb2dUaXRsZSI6IiIsIm5ld0NhdGFsb2dUaXRsZSI6IiIsInByb3ZpZGVycyI6WyIxNTEiLCI1ODQiLCIzMzciLCIyMzc2IiwiMjQwOCIsIjIzNzkiXSwidG1kYkFwaUtleSI6IjZmNTUyOGRhMWQzODNkZTFiODVjODA3NTZkODIzNzJlIiwicmVnaW9ucyI6WyJVUyJdLCJmaWx0ZXJDb250ZW50V2l0aG91dFBvc3RlciI6IiIsInRyYWt0VXNlcm5hbWUiOiIiLCJoaWRlVHJha3RIaXN0b3J5IjoiZmFsc2UiLCJ3YXRjaGVkRW1vamkiOiLinJTvuI8ifQ==/catalog/series/tmdb-discover-series-popular-337.json
[2025-08-28 22:33:13] [ERROR]: Error processing request: safeRedisCall is not a function
[2025-08-28 22:33:13] [INFO]: --- Request received ---
[2025-08-28 22:33:13] [INFO]: GET /eyJsYW5ndWFnZSI6ImVuIiwiYWdlUmFuZ2UiOiIxOCsiLCJycGRiQXBpS2V5IjoiIiwiZmFuYXJ0QXBpS2V5IjoiIiwicG9wdWxhckNhdGFsb2dUaXRsZSI6IiIsIm5ld0NhdGFsb2dUaXRsZSI6IiIsInByb3ZpZGVycyI6WyIxNTEiLCI1ODQiLCIzMzciLCIyMzc2IiwiMjQwOCIsIjIzNzkiXSwidG1kYkFwaUtleSI6IjZmNTUyOGRhMWQzODNkZTFiODVjODA3NTZkODIzNzJlIiwicmVnaW9ucyI6WyJVUyJdLCJmaWx0ZXJDb250ZW50V2l0aG91dFBvc3RlciI6IiIsInRyYWt0VXNlcm5hbWUiOiIiLCJoaWRlVHJha3RIaXN0b3J5IjoiZmFsc2UiLCJ3YXRjaGVkRW1vamkiOiLinJTvuI8ifQ==/catalog/series/tmdb-discover-series-new-337.json
[2025-08-28 22:33:13] [ERROR]: Error processing request: safeRedisCall is not a function
[2025-08-28 22:33:13] [INFO]: --- Request received ---
[2025-08-28 22:33:14] [INFO]: GET /eyJsYW5ndWFnZSI6ImVuIiwiYWdlUmFuZ2UiOiIxOCsiLCJycGRiQXBpS2V5IjoiIiwiZmFuYXJ0QXBpS2V5IjoiIiwicG9wdWxhckNhdGFsb2dUaXRsZSI6IiIsIm5ld0NhdGFsb2dUaXRsZSI6IiIsInByb3ZpZGVycyI6WyIxNTEiLCI1ODQiLCIzMzciLCIyMzc2IiwiMjQwOCIsIjIzNzkiXSwidG1kYkFwaUtleSI6IjZmNTUyOGRhMWQzODNkZTFiODVjODA3NTZkODIzNzJlIiwicmVnaW9ucyI6WyJVUyJdLCJmaWx0ZXJDb250ZW50V2l0aG91dFBvc3RlciI6IiIsInRyYWt0VXNlcm5hbWUiOiIiLCJoaWRlVHJha3RIaXN0b3J5IjoiZmFsc2UiLCJ3YXRjaGVkRW1vamkiOiLinJTvuI8ifQ==/catalog/movie/tmdb-discover-movies-popular-2376.json
[2025-08-28 22:33:14] [ERROR]: Error processing request: safeRedisCall is not a function
[2025-08-28 22:33:14] [INFO]: --- Request received ---
[2025-08-28 22:33:14] [INFO]: GET /eyJsYW5ndWFnZSI6ImVuIiwiYWdlUmFuZ2UiOiIxOCsiLCJycGRiQXBpS2V5IjoiIiwiZmFuYXJ0QXBpS2V5IjoiIiwicG9wdWxhckNhdGFsb2dUaXRsZSI6IiIsIm5ld0NhdGFsb2dUaXRsZSI6IiIsInByb3ZpZGVycyI6WyIxNTEiLCI1ODQiLCIzMzciLCIyMzc2IiwiMjQwOCIsIjIzNzkiXSwidG1kYkFwaUtleSI6IjZmNTUyOGRhMWQzODNkZTFiODVjODA3NTZkODIzNzJlIiwicmVnaW9ucyI6WyJVUyJdLCJmaWx0ZXJDb250ZW50V2l0aG91dFBvc3RlciI6IiIsInRyYWt0VXNlcm5hbWUiOiIiLCJoaWRlVHJha3RIaXN0b3J5IjoiZmFsc2UiLCJ3YXRjaGVkRW1vamkiOiLinJTvuI8ifQ==/catalog/movie/tmdb-discover-movies-new-2376.json
[2025-08-28 22:33:14] [ERROR]: Error processing request: safeRedisCall is not a function
[2025-08-28 22:33:14] [INFO]: --- Request received ---
[2025-08-28 22:33:14] [INFO]: GET /eyJsYW5ndWFnZSI6ImVuIiwiYWdlUmFuZ2UiOiIxOCsiLCJycGRiQXBpS2V5IjoiIiwiZmFuYXJ0QXBpS2V5IjoiIiwicG9wdWxhckNhdGFsb2dUaXRsZSI6IiIsIm5ld0NhdGFsb2dUaXRsZSI6IiIsInByb3ZpZGVycyI6WyIxNTEiLCI1ODQiLCIzMzciLCIyMzc2IiwiMjQwOCIsIjIzNzkiXSwidG1kYkFwaUtleSI6IjZmNTUyOGRhMWQzODNkZTFiODVjODA3NTZkODIzNzJlIiwicmVnaW9ucyI6WyJVUyJdLCJmaWx0ZXJDb250ZW50V2l0aG91dFBvc3RlciI6IiIsInRyYWt0VXNlcm5hbWUiOiIiLCJoaWRlVHJha3RIaXN0b3J5IjoiZmFsc2UiLCJ3YXRjaGVkRW1vamkiOiLinJTvuI8ifQ==/catalog/series/tmdb-discover-series-popular-2376.json
[2025-08-28 22:33:14] [ERROR]: Error processing request: safeRedisCall is not a function
[2025-08-28 22:33:14] [INFO]: --- Request received ---
[2025-08-28 22:33:14] [INFO]: GET /eyJsYW5ndWFnZSI6ImVuIiwiYWdlUmFuZ2UiOiIxOCsiLCJycGRiQXBpS2V5IjoiIiwiZmFuYXJ0QXBpS2V5IjoiIiwicG9wdWxhckNhdGFsb2dUaXRsZSI6IiIsIm5ld0NhdGFsb2dUaXRsZSI6IiIsInByb3ZpZGVycyI6WyIxNTEiLCI1ODQiLCIzMzciLCIyMzc2IiwiMjQwOCIsIjIzNzkiXSwidG1kYkFwaUtleSI6IjZmNTUyOGRhMWQzODNkZTFiODVjODA3NTZkODIzNzJlIiwicmVnaW9ucyI6WyJVUyJdLCJmaWx0ZXJDb250ZW50V2l0aG91dFBvc3RlciI6IiIsInRyYWt0VXNlcm5hbWUiOiIiLCJoaWRlVHJha3RIaXN0b3J5IjoiZmFsc2UiLCJ3YXRjaGVkRW1vamkiOiLinJTvuI8ifQ==/catalog/series/tmdb-discover-series-new-2376.json
[2025-08-28 22:33:14] [ERROR]: Error processing request: safeRedisCall is not a function
[2025-08-28 22:33:14] [INFO]: --- Request received ---
[2025-08-28 22:33:14] [INFO]: GET /eyJsYW5ndWFnZSI6ImVuIiwiYWdlUmFuZ2UiOiIxOCsiLCJycGRiQXBpS2V5IjoiIiwiZmFuYXJ0QXBpS2V5IjoiIiwicG9wdWxhckNhdGFsb2dUaXRsZSI6IiIsIm5ld0NhdGFsb2dUaXRsZSI6IiIsInByb3ZpZGVycyI6WyIxNTEiLCI1ODQiLCIzMzciLCIyMzc2IiwiMjQwOCIsIjIzNzkiXSwidG1kYkFwaUtleSI6IjZmNTUyOGRhMWQzODNkZTFiODVjODA3NTZkODIzNzJlIiwicmVnaW9ucyI6WyJVUyJdLCJmaWx0ZXJDb250ZW50V2l0aG91dFBvc3RlciI6IiIsInRyYWt0VXNlcm5hbWUiOiIiLCJoaWRlVHJha3RIaXN0b3J5IjoiZmFsc2UiLCJ3YXRjaGVkRW1vamkiOiLinJTvuI8ifQ==/catalog/movie/tmdb-discover-movies-popular-2408.json
[2025-08-28 22:33:14] [ERROR]: Error processing request: safeRedisCall is not a function
[2025-08-28 22:33:14] [INFO]: --- Request received ---
[2025-08-28 22:33:14] [INFO]: GET /eyJsYW5ndWFnZSI6ImVuIiwiYWdlUmFuZ2UiOiIxOCsiLCJycGRiQXBpS2V5IjoiIiwiZmFuYXJ0QXBpS2V5IjoiIiwicG9wdWxhckNhdGFsb2dUaXRsZSI6IiIsIm5ld0NhdGFsb2dUaXRsZSI6IiIsInByb3ZpZGVycyI6WyIxNTEiLCI1ODQiLCIzMzciLCIyMzc2IiwiMjQwOCIsIjIzNzkiXSwidG1kYkFwaUtleSI6IjZmNTUyOGRhMWQzODNkZTFiODVjODA3NTZkODIzNzJlIiwicmVnaW9ucyI6WyJVUyJdLCJmaWx0ZXJDb250ZW50V2l0aG91dFBvc3RlciI6IiIsInRyYWt0VXNlcm5hbWUiOiIiLCJoaWRlVHJha3RIaXN0b3J5IjoiZmFsc2UiLCJ3YXRjaGVkRW1vamkiOiLinJTvuI8ifQ==/catalog/movie/tmdb-discover-movies-new-2408.json
[2025-08-28 22:33:14] [ERROR]: Error processing request: safeRedisCall is not a function
[2025-08-28 22:33:14] [INFO]: --- Request received ---
[2025-08-28 22:33:14] [INFO]: GET /eyJsYW5ndWFnZSI6ImVuIiwiYWdlUmFuZ2UiOiIxOCsiLCJycGRiQXBpS2V5IjoiIiwiZmFuYXJ0QXBpS2V5IjoiIiwicG9wdWxhckNhdGFsb2dUaXRsZSI6IiIsIm5ld0NhdGFsb2dUaXRsZSI6IiIsInByb3ZpZGVycyI6WyIxNTEiLCI1ODQiLCIzMzciLCIyMzc2IiwiMjQwOCIsIjIzNzkiXSwidG1kYkFwaUtleSI6IjZmNTUyOGRhMWQzODNkZTFiODVjODA3NTZkODIzNzJlIiwicmVnaW9ucyI6WyJVUyJdLCJmaWx0ZXJDb250ZW50V2l0aG91dFBvc3RlciI6IiIsInRyYWt0VXNlcm5hbWUiOiIiLCJoaWRlVHJha3RIaXN0b3J5IjoiZmFsc2UiLCJ3YXRjaGVkRW1vamkiOiLinJTvuI8ifQ==/catalog/series/tmdb-discover-series-popular-2408.json
[2025-08-28 22:33:14] [ERROR]: Error processing request: safeRedisCall is not a function
[2025-08-28 22:33:14] [INFO]: --- Request received ---
[2025-08-28 22:33:14] [INFO]: GET /eyJsYW5ndWFnZSI6ImVuIiwiYWdlUmFuZ2UiOiIxOCsiLCJycGRiQXBpS2V5IjoiIiwiZmFuYXJ0QXBpS2V5IjoiIiwicG9wdWxhckNhdGFsb2dUaXRsZSI6IiIsIm5ld0NhdGFsb2dUaXRsZSI6IiIsInByb3ZpZGVycyI6WyIxNTEiLCI1ODQiLCIzMzciLCIyMzc2IiwiMjQwOCIsIjIzNzkiXSwidG1kYkFwaUtleSI6IjZmNTUyOGRhMWQzODNkZTFiODVjODA3NTZkODIzNzJlIiwicmVnaW9ucyI6WyJVUyJdLCJmaWx0ZXJDb250ZW50V2l0aG91dFBvc3RlciI6IiIsInRyYWt0VXNlcm5hbWUiOiIiLCJoaWRlVHJha3RIaXN0b3J5IjoiZmFsc2UiLCJ3YXRjaGVkRW1vamkiOiLinJTvuI8ifQ==/catalog/series/tmdb-discover-series-new-2408.json
[2025-08-28 22:33:14] [ERROR]: Error processing request: safeRedisCall is not a function
[2025-08-28 22:33:14] [INFO]: --- Request received ---
[2025-08-28 22:33:14] [INFO]: GET /eyJsYW5ndWFnZSI6ImVuIiwiYWdlUmFuZ2UiOiIxOCsiLCJycGRiQXBpS2V5IjoiIiwiZmFuYXJ0QXBpS2V5IjoiIiwicG9wdWxhckNhdGFsb2dUaXRsZSI6IiIsIm5ld0NhdGFsb2dUaXRsZSI6IiIsInByb3ZpZGVycyI6WyIxNTEiLCI1ODQiLCIzMzciLCIyMzc2IiwiMjQwOCIsIjIzNzkiXSwidG1kYkFwaUtleSI6IjZmNTUyOGRhMWQzODNkZTFiODVjODA3NTZkODIzNzJlIiwicmVnaW9ucyI6WyJVUyJdLCJmaWx0ZXJDb250ZW50V2l0aG91dFBvc3RlciI6IiIsInRyYWt0VXNlcm5hbWUiOiIiLCJoaWRlVHJha3RIaXN0b3J5IjoiZmFsc2UiLCJ3YXRjaGVkRW1vamkiOiLinJTvuI8ifQ==/catalog/movie/tmdb-discover-movies-popular-2379.json
[2025-08-28 22:33:14] [ERROR]: Error processing request: safeRedisCall is not a function
[2025-08-28 22:33:14] [INFO]: --- Request received ---
[2025-08-28 22:33:14] [INFO]: GET /eyJsYW5ndWFnZSI6ImVuIiwiYWdlUmFuZ2UiOiIxOCsiLCJycGRiQXBpS2V5IjoiIiwiZmFuYXJ0QXBpS2V5IjoiIiwicG9wdWxhckNhdGFsb2dUaXRsZSI6IiIsIm5ld0NhdGFsb2dUaXRsZSI6IiIsInByb3ZpZGVycyI6WyIxNTEiLCI1ODQiLCIzMzciLCIyMzc2IiwiMjQwOCIsIjIzNzkiXSwidG1kYkFwaUtleSI6IjZmNTUyOGRhMWQzODNkZTFiODVjODA3NTZkODIzNzJlIiwicmVnaW9ucyI6WyJVUyJdLCJmaWx0ZXJDb250ZW50V2l0aG91dFBvc3RlciI6IiIsInRyYWt0VXNlcm5hbWUiOiIiLCJoaWRlVHJha3RIaXN0b3J5IjoiZmFsc2UiLCJ3YXRjaGVkRW1vamkiOiLinJTvuI8ifQ==/catalog/movie/tmdb-discover-movies-new-2379.json
[2025-08-28 22:33:14] [ERROR]: Error processing request: safeRedisCall is not a function
[2025-08-28 22:33:14] [INFO]: --- Request received ---
[2025-08-28 22:33:14] [INFO]: GET /eyJsYW5ndWFnZSI6ImVuIiwiYWdlUmFuZ2UiOiIxOCsiLCJycGRiQXBpS2V5IjoiIiwiZmFuYXJ0QXBpS2V5IjoiIiwicG9wdWxhckNhdGFsb2dUaXRsZSI6IiIsIm5ld0NhdGFsb2dUaXRsZSI6IiIsInByb3ZpZGVycyI6WyIxNTEiLCI1ODQiLCIzMzciLCIyMzc2IiwiMjQwOCIsIjIzNzkiXSwidG1kYkFwaUtleSI6IjZmNTUyOGRhMWQzODNkZTFiODVjODA3NTZkODIzNzJlIiwicmVnaW9ucyI6WyJVUyJdLCJmaWx0ZXJDb250ZW50V2l0aG91dFBvc3RlciI6IiIsInRyYWt0VXNlcm5hbWUiOiIiLCJoaWRlVHJha3RIaXN0b3J5IjoiZmFsc2UiLCJ3YXRjaGVkRW1vamkiOiLinJTvuI8ifQ==/catalog/series/tmdb-discover-series-popular-2379.json
[2025-08-28 22:33:14] [ERROR]: Error processing request: safeRedisCall is not a function
[2025-08-28 22:33:14] [INFO]: --- Request received ---
[2025-08-28 22:33:14] [INFO]: GET /eyJsYW5ndWFnZSI6ImVuIiwiYWdlUmFuZ2UiOiIxOCsiLCJycGRiQXBpS2V5IjoiIiwiZmFuYXJ0QXBpS2V5IjoiIiwicG9wdWxhckNhdGFsb2dUaXRsZSI6IiIsIm5ld0NhdGFsb2dUaXRsZSI6IiIsInByb3ZpZGVycyI6WyIxNTEiLCI1ODQiLCIzMzciLCIyMzc2IiwiMjQwOCIsIjIzNzkiXSwidG1kYkFwaUtleSI6IjZmNTUyOGRhMWQzODNkZTFiODVjODA3NTZkODIzNzJlIiwicmVnaW9ucyI6WyJVUyJdLCJmaWx0ZXJDb250ZW50V2l0aG91dFBvc3RlciI6IiIsInRyYWt0VXNlcm5hbWUiOiIiLCJoaWRlVHJha3RIaXN0b3J5IjoiZmFsc2UiLCJ3YXRjaGVkRW1vamkiOiLinJTvuI8ifQ==/catalog/series/tmdb-discover-series-new-2379.json
[2025-08-28 22:33:14] [ERROR]: Error processing request: safeRedisCall is not a function
[2025-08-28 22:33:26] [INFO]: --- Request received ---
[2025-08-28 22:33:26] [INFO]: GET /eyJsYW5ndWFnZSI6ImVuIiwiYWdlUmFuZ2UiOiIxOCsiLCJycGRiQXBpS2V5IjoiIiwiZmFuYXJ0QXBpS2V5IjoiIiwicG9wdWxhckNhdGFsb2dUaXRsZSI6IiIsIm5ld0NhdGFsb2dUaXRsZSI6IiIsInByb3ZpZGVycyI6WyIxNTEiLCI1ODQiLCIzMzciLCIyMzc2IiwiMjQwOCIsIjIzNzkiXSwidG1kYkFwaUtleSI6IjZmNTUyOGRhMWQzODNkZTFiODVjODA3NTZkODIzNzJlIiwicmVnaW9ucyI6WyJVUyJdLCJmaWx0ZXJDb250ZW50V2l0aG91dFBvc3RlciI6IiIsInRyYWt0VXNlcm5hbWUiOiIiLCJoaWRlVHJha3RIaXN0b3J5IjoiZmFsc2UiLCJ3YXRjaGVkRW1vamkiOiLinJTvuI8ifQ==/catalog/movie/tmdb-discover-movies-popular-337.json
[2025-08-28 22:33:26] [ERROR]: Error processing request: safeRedisCall is not a function
[2025-08-28 22:33:29] [INFO]: --- Request received ---
[2025-08-28 22:33:29] [INFO]: GET /eyJsYW5ndWFnZSI6ImVuIiwiYWdlUmFuZ2UiOiIxOCsiLCJycGRiQXBpS2V5IjoiIiwiZmFuYXJ0QXBpS2V5IjoiIiwicG9wdWxhckNhdGFsb2dUaXRsZSI6IiIsIm5ld0NhdGFsb2dUaXRsZSI6IiIsInByb3ZpZGVycyI6WyIxNTEiLCI1ODQiLCIzMzciLCIyMzc2IiwiMjQwOCIsIjIzNzkiXSwidG1kYkFwaUtleSI6IjZmNTUyOGRhMWQzODNkZTFiODVjODA3NTZkODIzNzJlIiwicmVnaW9ucyI6WyJVUyJdLCJmaWx0ZXJDb250ZW50V2l0aG91dFBvc3RlciI6IiIsInRyYWt0VXNlcm5hbWUiOiIiLCJoaWRlVHJha3RIaXN0b3J5IjoiZmFsc2UiLCJ3YXRjaGVkRW1vamkiOiLinJTvuI8ifQ==/catalog/movie/tmdb-discover-movies-popular-337/genre=Comedy.json
[2025-08-28 22:33:30] [ERROR]: Error processing request: safeRedisCall is not a function
[2025-08-28 22:33:32] [INFO]: --- Request received ---
[2025-08-28 22:33:32] [INFO]: GET /eyJsYW5ndWFnZSI6ImVuIiwiYWdlUmFuZ2UiOiIxOCsiLCJycGRiQXBpS2V5IjoiIiwiZmFuYXJ0QXBpS2V5IjoiIiwicG9wdWxhckNhdGFsb2dUaXRsZSI6IiIsIm5ld0NhdGFsb2dUaXRsZSI6IiIsInByb3ZpZGVycyI6WyIxNTEiLCI1ODQiLCIzMzciLCIyMzc2IiwiMjQwOCIsIjIzNzkiXSwidG1kYkFwaUtleSI6IjZmNTUyOGRhMWQzODNkZTFiODVjODA3NTZkODIzNzJlIiwicmVnaW9ucyI6WyJVUyJdLCJmaWx0ZXJDb250ZW50V2l0aG91dFBvc3RlciI6IiIsInRyYWt0VXNlcm5hbWUiOiIiLCJoaWRlVHJha3RIaXN0b3J5IjoiZmFsc2UiLCJ3YXRjaGVkRW1vamkiOiLinJTvuI8ifQ==/catalog/movie/tmdb-discover-movies-popular-337/genre=Horror.json
[2025-08-28 22:33:32] [ERROR]: Error processing request: safeRedisCall is not a function
[2025-08-28 22:33:37] [INFO]: --- Request received ---
[2025-08-28 22:33:37] [INFO]: GET /eyJsYW5ndWFnZSI6ImVuIiwiYWdlUmFuZ2UiOiIxOCsiLCJycGRiQXBpS2V5IjoiIiwiZmFuYXJ0QXBpS2V5IjoiIiwicG9wdWxhckNhdGFsb2dUaXRsZSI6IiIsIm5ld0NhdGFsb2dUaXRsZSI6IiIsInByb3ZpZGVycyI6WyIxNTEiLCI1ODQiLCIzMzciLCIyMzc2IiwiMjQwOCIsIjIzNzkiXSwidG1kYkFwaUtleSI6IjZmNTUyOGRhMWQzODNkZTFiODVjODA3NTZkODIzNzJlIiwicmVnaW9ucyI6WyJVUyJdLCJmaWx0ZXJDb250ZW50V2l0aG91dFBvc3RlciI6IiIsInRyYWt0VXNlcm5hbWUiOiIiLCJoaWRlVHJha3RIaXN0b3J5IjoiZmFsc2UiLCJ3YXRjaGVkRW1vamkiOiLinJTvuI8ifQ==/catalog/movie/tmdb-discover-movies-new-337.json
[2025-08-28 22:33:37] [ERROR]: Error processing request: safeRedisCall is not a function
[2025-08-28 22:33:39] [INFO]: --- Request received ---
[2025-08-28 22:33:39] [INFO]: GET /eyJsYW5ndWFnZSI6ImVuIiwiYWdlUmFuZ2UiOiIxOCsiLCJycGRiQXBpS2V5IjoiIiwiZmFuYXJ0QXBpS2V5IjoiIiwicG9wdWxhckNhdGFsb2dUaXRsZSI6IiIsIm5ld0NhdGFsb2dUaXRsZSI6IiIsInByb3ZpZGVycyI6WyIxNTEiLCI1ODQiLCIzMzciLCIyMzc2IiwiMjQwOCIsIjIzNzkiXSwidG1kYkFwaUtleSI6IjZmNTUyOGRhMWQzODNkZTFiODVjODA3NTZkODIzNzJlIiwicmVnaW9ucyI6WyJVUyJdLCJmaWx0ZXJDb250ZW50V2l0aG91dFBvc3RlciI6IiIsInRyYWt0VXNlcm5hbWUiOiIiLCJoaWRlVHJha3RIaXN0b3J5IjoiZmFsc2UiLCJ3YXRjaGVkRW1vamkiOiLinJTvuI8ifQ==/catalog/movie/tmdb-discover-movies-new-337/genre=Crime.json
[2025-08-28 22:33:39] [ERROR]: Error processing request: safeRedisCall is not a function
[2025-08-28 22:40:42] [INFO]: Server running on port 7000 - Environment: production
[2025-08-28 22:40:54] [INFO]: --- Request received ---
[2025-08-28 22:40:54] [INFO]: GET /configure
[2025-08-28 22:40:54] [INFO]: Sending public/configure.html
[2025-08-28 22:40:57] [INFO]: --- Request received ---
[2025-08-28 22:40:57] [INFO]: GET /env
[2025-08-28 22:40:57] [INFO]: Sending environment variable TRAKT_CLIENT_ID to client
[2025-08-28 22:41:01] [INFO]: --- Request received ---
[2025-08-28 22:41:01] [INFO]: POST /fetch-providers
[2025-08-28 22:41:01] [INFO]: Providers fetched from the database (less than 24 hours old).
[2025-08-28 22:43:38] [INFO]: --- Request received ---
[2025-08-28 22:43:38] [INFO]: GET /eyJsYW5ndWFnZSI6ImVuIiwiYWdlUmFuZ2UiOiIxOCsiLCJycGRiQXBpS2V5IjoidDAtZnJlZS1ycGRiIiwiZmFuYXJ0QXBpS2V5IjoiMGYwMDMxN2E1MWUzYWI3NDc2MTU4NDdlM2M4YjYyOTMiLCJwb3B1bGFyQ2F0YWxvZ1RpdGxlIjoiIiwibmV3Q2F0YWxvZ1RpdGxlIjoiIiwicHJvdmlkZXJzIjpbIjkiLCI4Il0sInRtZGJBcGlLZXkiOiI2ZjU1MjhkYTFkMzgzZGUxYjg1YzgwNzU2ZDgyMzcyZSIsInJlZ2lvbnMiOlsiVVMiXSwiZmlsdGVyQ29udGVudFdpdGhvdXRQb3N0ZXIiOiIiLCJ0cmFrdFVzZXJuYW1lIjoiIiwiaGlkZVRyYWt0SGlzdG9yeSI6ImZhbHNlIiwid2F0Y2hlZEVtb2ppIjoi4pyU77iPIn0=/manifest.json
[2025-08-28 22:43:39] [INFO]: Genres stored for movie (en)
[2025-08-28 22:43:39] [INFO]: Genres stored for tv (en)
[2025-08-28 22:43:39] [INFO]: Genres fetched and stored for en
[2025-08-28 22:43:46] [INFO]: --- Request received ---
[2025-08-28 22:43:46] [INFO]: GET /favicon.ico
[2025-08-28 22:44:00] [INFO]: --- Request received ---
[2025-08-28 22:44:00] [INFO]: GET /eyJsYW5ndWFnZSI6ImVuIiwiYWdlUmFuZ2UiOiIxOCsiLCJycGRiQXBpS2V5IjoidDAtZnJlZS1ycGRiIiwiZmFuYXJ0QXBpS2V5IjoiMGYwMDMxN2E1MWUzYWI3NDc2MTU4NDdlM2M4YjYyOTMiLCJwb3B1bGFyQ2F0YWxvZ1RpdGxlIjoiIiwibmV3Q2F0YWxvZ1RpdGxlIjoiIiwicHJvdmlkZXJzIjpbIjkiLCI4Il0sInRtZGJBcGlLZXkiOiI2ZjU1MjhkYTFkMzgzZGUxYjg1YzgwNzU2ZDgyMzcyZSIsInJlZ2lvbnMiOlsiVVMiXSwiZmlsdGVyQ29udGVudFdpdGhvdXRQb3N0ZXIiOiIiLCJ0cmFrdFVzZXJuYW1lIjoiIiwiaGlkZVRyYWt0SGlzdG9yeSI6ImZhbHNlIiwid2F0Y2hlZEVtb2ppIjoi4pyU77iPIn0=/manifest.json
[2025-08-28 22:44:00] [INFO]: Genres stored for movie (en)
[2025-08-28 22:44:00] [INFO]: Genres stored for tv (en)
[2025-08-28 22:44:00] [INFO]: Genres fetched and stored for en
[2025-08-28 22:44:00] [INFO]: --- Request received ---
[2025-08-28 22:44:00] [INFO]: GET /eyJsYW5ndWFnZSI6ImVuIiwiYWdlUmFuZ2UiOiIxOCsiLCJycGRiQXBpS2V5IjoidDAtZnJlZS1ycGRiIiwiZmFuYXJ0QXBpS2V5IjoiMGYwMDMxN2E1MWUzYWI3NDc2MTU4NDdlM2M4YjYyOTMiLCJwb3B1bGFyQ2F0YWxvZ1RpdGxlIjoiIiwibmV3Q2F0YWxvZ1RpdGxlIjoiIiwicHJvdmlkZXJzIjpbIjkiLCI4Il0sInRtZGJBcGlLZXkiOiI2ZjU1MjhkYTFkMzgzZGUxYjg1YzgwNzU2ZDgyMzcyZSIsInJlZ2lvbnMiOlsiVVMiXSwiZmlsdGVyQ29udGVudFdpdGhvdXRQb3N0ZXIiOiIiLCJ0cmFrdFVzZXJuYW1lIjoiIiwiaGlkZVRyYWt0SGlzdG9yeSI6ImZhbHNlIiwid2F0Y2hlZEVtb2ppIjoi4pyU77iPIn0=/manifest.json
[2025-08-28 22:44:00] [INFO]: Genres stored for movie (en)
[2025-08-28 22:44:00] [INFO]: Genres stored for tv (en)
[2025-08-28 22:44:00] [INFO]: Genres fetched and stored for en
[2025-08-28 22:44:11] [INFO]: --- Request received ---
[2025-08-28 22:44:11] [INFO]: GET /eyJsYW5ndWFnZSI6ImVuIiwiYWdlUmFuZ2UiOiIxOCsiLCJycGRiQXBpS2V5IjoidDAtZnJlZS1ycGRiIiwiZmFuYXJ0QXBpS2V5IjoiMGYwMDMxN2E1MWUzYWI3NDc2MTU4NDdlM2M4YjYyOTMiLCJwb3B1bGFyQ2F0YWxvZ1RpdGxlIjoiIiwibmV3Q2F0YWxvZ1RpdGxlIjoiIiwicHJvdmlkZXJzIjpbIjkiLCI4Il0sInRtZGJBcGlLZXkiOiI2ZjU1MjhkYTFkMzgzZGUxYjg1YzgwNzU2ZDgyMzcyZSIsInJlZ2lvbnMiOlsiVVMiXSwiZmlsdGVyQ29udGVudFdpdGhvdXRQb3N0ZXIiOiIiLCJ0cmFrdFVzZXJuYW1lIjoiIiwiaGlkZVRyYWt0SGlzdG9yeSI6ImZhbHNlIiwid2F0Y2hlZEVtb2ppIjoi4pyU77iPIn0=/catalog/movie/tmdb-discover-movies-popular-8.json
[2025-08-28 22:44:12] [ERROR]: Error fetching logos from Fanart.tv for TMDB ID 1495723:
[2025-08-28 22:44:12] [ERROR]: Error fetching logos from Fanart.tv for TMDB ID 1307078:
[2025-08-28 22:44:12] [ERROR]: Error fetching logos from Fanart.tv for TMDB ID 1389158:
[2025-08-28 22:44:12] [ERROR]: Error fetching logos from Fanart.tv for TMDB ID 1300116:
[2025-08-28 22:44:12] [ERROR]: Error fetching logos from Fanart.tv for TMDB ID 1254624:
[2025-08-28 22:44:12] [ERROR]: Error fetching logos from Fanart.tv for TMDB ID 1428210:
[2025-08-28 22:44:12] [ERROR]: Error fetching logos from Fanart.tv for TMDB ID 1429739:
[2025-08-28 22:44:12] [ERROR]: Error fetching logos from Fanart.tv for TMDB ID 1500691:
[2025-08-28 22:44:12] [ERROR]: Error fetching logos from Fanart.tv for TMDB ID 1468789:
[2025-08-28 22:44:14] [INFO]: --- Request received ---
[2025-08-28 22:44:14] [INFO]: GET /eyJsYW5ndWFnZSI6ImVuIiwiYWdlUmFuZ2UiOiIxOCsiLCJycGRiQXBpS2V5IjoidDAtZnJlZS1ycGRiIiwiZmFuYXJ0QXBpS2V5IjoiMGYwMDMxN2E1MWUzYWI3NDc2MTU4NDdlM2M4YjYyOTMiLCJwb3B1bGFyQ2F0YWxvZ1RpdGxlIjoiIiwibmV3Q2F0YWxvZ1RpdGxlIjoiIiwicHJvdmlkZXJzIjpbIjkiLCI4Il0sInRtZGJBcGlLZXkiOiI2ZjU1MjhkYTFkMzgzZGUxYjg1YzgwNzU2ZDgyMzcyZSIsInJlZ2lvbnMiOlsiVVMiXSwiZmlsdGVyQ29udGVudFdpdGhvdXRQb3N0ZXIiOiIiLCJ0cmFrdFVzZXJuYW1lIjoiIiwiaGlkZVRyYWt0SGlzdG9yeSI6ImZhbHNlIiwid2F0Y2hlZEVtb2ppIjoi4pyU77iPIn0=/catalog/movie/tmdb-discover-movies-popular-8/skip=20.json
[2025-08-28 22:44:15] [ERROR]: Error fetching logos from Fanart.tv for TMDB ID 1022074:
[2025-08-28 22:44:15] [ERROR]: Error fetching logos from Fanart.tv for TMDB ID 1429744:
[2025-08-28 22:44:15] [ERROR]: Error fetching logos from Fanart.tv for TMDB ID 1513598:
[2025-08-28 22:44:15] [ERROR]: Error fetching logos from Fanart.tv for TMDB ID 1426776:
[2025-08-28 22:44:15] [ERROR]: Error fetching logos from Fanart.tv for TMDB ID 811941:
[2025-08-28 22:44:15] [ERROR]: Error fetching logos from Fanart.tv for TMDB ID 1233069:
[2025-08-28 22:44:17] [INFO]: --- Request received ---
[2025-08-28 22:44:17] [INFO]: GET /eyJsYW5ndWFnZSI6ImVuIiwiYWdlUmFuZ2UiOiIxOCsiLCJycGRiQXBpS2V5IjoidDAtZnJlZS1ycGRiIiwiZmFuYXJ0QXBpS2V5IjoiMGYwMDMxN2E1MWUzYWI3NDc2MTU4NDdlM2M4YjYyOTMiLCJwb3B1bGFyQ2F0YWxvZ1RpdGxlIjoiIiwibmV3Q2F0YWxvZ1RpdGxlIjoiIiwicHJvdmlkZXJzIjpbIjkiLCI4Il0sInRtZGJBcGlLZXkiOiI2ZjU1MjhkYTFkMzgzZGUxYjg1YzgwNzU2ZDgyMzcyZSIsInJlZ2lvbnMiOlsiVVMiXSwiZmlsdGVyQ29udGVudFdpdGhvdXRQb3N0ZXIiOiIiLCJ0cmFrdFVzZXJuYW1lIjoiIiwiaGlkZVRyYWt0SGlzdG9yeSI6ImZhbHNlIiwid2F0Y2hlZEVtb2ppIjoi4pyU77iPIn0=/catalog/movie/tmdb-discover-movies-popular-8/skip=40.json
[2025-08-28 22:44:18] [ERROR]: Error fetching logos from Fanart.tv for TMDB ID 927342:
[2025-08-28 22:44:18] [ERROR]: Error fetching logos from Fanart.tv for TMDB ID 1285728:
